Log file open, 07/08/20 03:52:42
LogInit: Display: Running engine for game: Untrustable
LogPlatformFile: Not using cached read wrapper
LogTaskGraph: Started task graph with 5 named threads and 23 total threads with 3 sets of task threads.
LogStats: Stats thread started at 0.117326
LogD3D11RHI: Loaded GFSDK_Aftermath_Lib.x64.dll
LogICUInternationalization: ICU TimeZone Detection - Raw Offset: +1:00, Platform Override: ''
LogPluginManager: Mounting plugin Paper2D
LogPluginManager: Mounting plugin AISupport
LogPluginManager: Mounting plugin LightPropagationVolume
LogPluginManager: Mounting plugin CameraShakePreviewer
LogPluginManager: Mounting plugin ActorLayerUtilities
LogPluginManager: Mounting plugin AnimationSharing
LogPluginManager: Mounting plugin CLionSourceCodeAccess
LogPluginManager: Mounting plugin CodeLiteSourceCodeAccess
LogPluginManager: Mounting plugin GitSourceControl
LogPluginManager: Mounting plugin KDevelopSourceCodeAccess
LogPluginManager: Mounting plugin NullSourceCodeAccess
LogPluginManager: Mounting plugin PerforceSourceControl
LogPluginManager: Mounting plugin PlasticSourceControl
LogPluginManager: Mounting plugin RiderSourceCodeAccess
LogPluginManager: Mounting plugin SubversionSourceControl
LogPluginManager: Mounting plugin UObjectPlugin
LogPluginManager: Mounting plugin VisualStudioCodeSourceCodeAccess
LogPluginManager: Mounting plugin VisualStudioSourceCodeAccess
LogPluginManager: Mounting plugin XCodeSourceCodeAccess
LogPluginManager: Mounting plugin AssetManagerEditor
LogPluginManager: Mounting plugin CryptoKeys
LogPluginManager: Mounting plugin CurveEditorTools
LogPluginManager: Mounting plugin DataValidation
LogPluginManager: Mounting plugin EditorScriptingUtilities
LogPluginManager: Mounting plugin FacialAnimation
LogPluginManager: Mounting plugin GameplayTagsEditor
LogPluginManager: Mounting plugin GeometryMode
LogPluginManager: Mounting plugin MacGraphicsSwitching
LogPluginManager: Mounting plugin MaterialAnalyzer
LogPluginManager: Mounting plugin MobileLauncherProfileWizard
LogPluginManager: Mounting plugin PluginBrowser
LogPluginManager: Mounting plugin SpeedTreeImporter
LogPluginManager: Mounting plugin DatasmithContent
LogPluginManager: Mounting plugin VariantManagerContent
LogPluginManager: Mounting plugin AlembicImporter
LogPluginManager: Mounting plugin AutomationUtils
LogPluginManager: Mounting plugin BackChannel
LogPluginManager: Mounting plugin ChaosCloth
LogPluginManager: Mounting plugin ChaosClothEditor
LogPluginManager: Mounting plugin ChaosEditor
LogPluginManager: Mounting plugin ChaosNiagara
LogPluginManager: Mounting plugin ChaosSolverPlugin
LogPluginManager: Mounting plugin CharacterAI
LogPluginManager: Mounting plugin GeometryCache
LogPluginManager: Mounting plugin GeometryCollectionPlugin
LogPluginManager: Mounting plugin GeometryProcessing
LogPluginManager: Mounting plugin PlanarCut
LogPluginManager: Mounting plugin PlatformCrypto
LogPluginManager: Mounting plugin ProxyLODPlugin
LogPluginManager: Mounting plugin SkeletalReduction
LogPluginManager: Mounting plugin Niagara
LogPluginManager: Mounting plugin MagicLeap
LogPluginManager: Mounting plugin MagicLeapLightEstimation
LogPluginManager: Mounting plugin MagicLeapMedia
LogPluginManager: Mounting plugin MagicLeapPassableWorld
LogPluginManager: Mounting plugin MLSDK
LogPluginManager: Mounting plugin AndroidMedia
LogPluginManager: Mounting plugin AvfMedia
LogPluginManager: Mounting plugin ImgMedia
LogPluginManager: Mounting plugin MediaCompositing
LogPluginManager: Mounting plugin MediaPlayerEditor
LogPluginManager: Mounting plugin WebMMedia
LogPluginManager: Mounting plugin WmfMedia
LogPluginManager: Mounting plugin MeshPainting
LogPluginManager: Mounting plugin TcpMessaging
LogPluginManager: Mounting plugin UdpMessaging
LogPluginManager: Mounting plugin ActorSequence
LogPluginManager: Mounting plugin LevelSequenceEditor
LogPluginManager: Mounting plugin MatineeToLevelSequence
LogPluginManager: Mounting plugin MovieRenderPipeline
LogPluginManager: Mounting plugin TemplateSequence
LogPluginManager: Mounting plugin NetcodeUnitTest
LogPluginManager: Mounting plugin NUTUnrealEngine4
LogPluginManager: Mounting plugin OnlineSubsystemGooglePlay
LogPluginManager: Mounting plugin OnlineSubsystemIOS
LogPluginManager: Mounting plugin OnlineSubsystem
LogPluginManager: Mounting plugin OnlineSubsystemNull
LogPluginManager: Mounting plugin OnlineSubsystemUtils
LogPluginManager: Mounting plugin LauncherChunkInstaller
LogPluginManager: Mounting plugin AndroidDeviceProfileSelector
LogPluginManager: Mounting plugin AndroidMoviePlayer
LogPluginManager: Mounting plugin AndroidPermission
LogPluginManager: Mounting plugin AppleImageUtils
LogPluginManager: Mounting plugin AppleMoviePlayer
LogPluginManager: Mounting plugin ArchVisCharacter
LogPluginManager: Mounting plugin AssetTags
LogPluginManager: Mounting plugin AudioCapture
LogPluginManager: Mounting plugin CableComponent
LogPluginManager: Mounting plugin CustomMeshComponent
LogPluginManager: Mounting plugin EditableMesh
LogPluginManager: Mounting plugin ExampleDeviceProfileSelector
LogPluginManager: Mounting plugin GoogleCloudMessaging
LogPluginManager: Mounting plugin GooglePAD
LogPluginManager: Mounting plugin IOSDeviceProfileSelector
LogPluginManager: Mounting plugin LinuxDeviceProfileSelector
LogPluginManager: Mounting plugin LocationServicesBPLibrary
LogPluginManager: Mounting plugin MobilePatchingUtils
LogPluginManager: Mounting plugin OculusVR
LogPluginManager: Mounting plugin PhysXVehicles
LogPluginManager: Mounting plugin PostSplashScreen
LogPluginManager: Mounting plugin ProceduralMeshComponent
LogPluginManager: Mounting plugin RuntimePhysXCooking
LogPluginManager: Mounting plugin SignificanceManager
LogPluginManager: Mounting plugin SoundFields
LogPluginManager: Mounting plugin SteamVR
LogPluginManager: Mounting plugin Synthesis
LogPluginManager: Mounting plugin WebMMoviePlayer
LogPluginManager: Mounting plugin WindowsMoviePlayer
LogPluginManager: Mounting plugin ScreenshotTools
LogInit: Using libcurl 7.55.1-DEV
LogInit:  - built for x86_64-pc-win32
LogInit:  - supports SSL with OpenSSL/1.1.1
LogInit:  - supports HTTP deflate (compression) using libz 1.2.8
LogInit:  - other features:
LogInit:      CURL_VERSION_SSL
LogInit:      CURL_VERSION_LIBZ
LogInit:      CURL_VERSION_IPV6
LogInit:      CURL_VERSION_ASYNCHDNS
LogInit:      CURL_VERSION_LARGEFILE
LogInit:      CURL_VERSION_IDN
LogInit:  CurlRequestOptions (configurable via config and command line):
LogInit:  - bVerifyPeer = true  - Libcurl will verify peer certificate
LogInit:  - bUseHttpProxy = false  - Libcurl will NOT use HTTP proxy
LogInit:  - bDontReuseConnections = false  - Libcurl will reuse connections
LogInit:  - MaxHostConnections = 16  - Libcurl will limit the number of connections to a host
LogInit:  - LocalHostAddr = Default
LogInit:  - BufferSize = 65536
LogOnline: OSS: Creating online subsystem instance for: NULL
LogInit: WinSock: version 1.1 (2.2), MaxSocks=32767, MaxUdp=65467
LogOnline: OSS: TryLoadSubsystemAndSetDefault: Loaded subsystem for module [NULL]
LogInit: Build: ++UE4+Release-4.25-CL-13144385
LogInit: Engine Version: 4.25.0-13144385+++UE4+Release-4.25
LogInit: Compatible Engine Version: 4.25.0-13144385+++UE4+Release-4.25
LogInit: Net CL: 13144385
LogInit: OS: Windows 10 (Release 1909) (), CPU: Intel(R) Core(TM) i7-7700K CPU @ 4.20GHz, GPU: NVIDIA GeForce GTX 1080
LogInit: Compiled (64-bit): May  2 2020 02:12:11
LogInit: Compiled with Visual C++: 19.24.28315.00
LogInit: Build Configuration: Development
LogInit: Branch Name: ++UE4+Release-4.25
LogInit: Command Line: 
LogInit: Base Directory: D:/Program Files/Epic Games/UE_4.25/Engine/Binaries/Win64/
LogInit: Allocator: TBB
LogInit: Installed Engine Build: 1
LogDevObjectVersion: Number of dev versions registered: 26
LogDevObjectVersion:   Dev-Blueprints (B0D832E4-1F89-4F0D-ACCF-7EB736FD4AA2): 10
LogDevObjectVersion:   Dev-Build (E1C64328-A22C-4D53-A36C-8E866417BD8C): 0
LogDevObjectVersion:   Dev-Core (375EC13C-06E4-48FB-B500-84F0262A717E): 4
LogDevObjectVersion:   Dev-Editor (E4B068ED-F494-42E9-A231-DA0B2E46BB41): 38
LogDevObjectVersion:   Dev-Framework (CFFC743F-43B0-4480-9391-14DF171D2073): 37
LogDevObjectVersion:   Dev-Mobile (B02B49B5-BB20-44E9-A304-32B752E40360): 2
LogDevObjectVersion:   Dev-Networking (A4E4105C-59A1-49B5-A7C5-40C4547EDFEE): 0
LogDevObjectVersion:   Dev-Online (39C831C9-5AE6-47DC-9A44-9C173E1C8E7C): 0
LogDevObjectVersion:   Dev-Physics (78F01B33-EBEA-4F98-B9B4-84EACCB95AA2): 4
LogDevObjectVersion:   Dev-Platform (6631380F-2D4D-43E0-8009-CF276956A95A): 0
LogDevObjectVersion:   Dev-Rendering (12F88B9F-8875-4AFC-A67C-D90C383ABD29): 43
LogDevObjectVersion:   Dev-Sequencer (7B5AE74C-D270-4C10-A958-57980B212A5A): 12
LogDevObjectVersion:   Dev-VR (D7296918-1DD6-4BDD-9DE2-64A83CC13884): 3
LogDevObjectVersion:   Dev-LoadTimes (C2A15278-BFE7-4AFE-6C17-90FF531DF755): 1
LogDevObjectVersion:   Private-Geometry (6EACA3D4-40EC-4CC1-B786-8BED09428FC5): 3
LogDevObjectVersion:   Dev-AnimPhys (29E575DD-E0A3-4627-9D10-D276232CDCEA): 17
LogDevObjectVersion:   Dev-Anim (AF43A65D-7FD3-4947-9873-3E8ED9C1BB05): 7
LogDevObjectVersion:   Dev-ReflectionCapture (6B266CEC-1EC7-4B8F-A30B-E4D90942FC07): 1
LogDevObjectVersion:   Dev-Automation (0DF73D61-A23F-47EA-B727-89E90C41499A): 1
LogDevObjectVersion:   FortniteMain (601D1886-AC64-4F84-AA16-D3DE0DEAC7D6): 31
LogDevObjectVersion:   Dev-Enterprise (9DFFBCD6-494F-0158-E221-12823C92A888): 10
LogDevObjectVersion:   Dev-Niagara (F2AED0AC-9AFE-416F-8664-AA7FFA26D6FC): 1
LogDevObjectVersion:   Dev-Destruction (174F1F0B-B4C6-45A5-B13F-2EE8D0FB917D): 10
LogDevObjectVersion:   Dev-Physics-Ext (35F94A83-E258-406C-A318-09F59610247C): 37
LogDevObjectVersion:   Dev-PhysicsMaterial-Chaos (B68FC16E-8B1B-42E2-B453-215C058844FE): 1
LogDevObjectVersion:   Dev-CineCamera (B2E18506-4273-CFC2-A54E-F4BB758BBA07): 1
LogInit: Presizing for max 25165824 objects, including 0 objects not considered by GC, pre-allocating 0 bytes for permanent pool.
LogConfig: Applying CVar settings from Section [/Script/Engine.StreamingSettings] File [Z:/Untrustable/untrustable/Saved/Config/Windows/Engine.ini]
LogConfig: Setting CVar [[s.MinBulkDataSizeForAsyncLoading:131072]]
LogConfig: Setting CVar [[s.AsyncLoadingThreadEnabled:0]]
LogConfig: Setting CVar [[s.EventDrivenLoaderEnabled:1]]
LogConfig: Setting CVar [[s.WarnIfTimeLimitExceeded:0]]
LogConfig: Setting CVar [[s.TimeLimitExceededMultiplier:1.5]]
LogConfig: Setting CVar [[s.TimeLimitExceededMinTime:0.005]]
LogConfig: Setting CVar [[s.UseBackgroundLevelStreaming:1]]
LogConfig: Setting CVar [[s.PriorityAsyncLoadingExtraTime:15.0]]
LogConfig: Setting CVar [[s.LevelStreamingActorsUpdateTimeLimit:5.0]]
LogConfig: Setting CVar [[s.PriorityLevelStreamingActorsUpdateExtraTime:5.0]]
LogConfig: Setting CVar [[s.LevelStreamingComponentsRegistrationGranularity:10]]
LogConfig: Setting CVar [[s.UnregisterComponentsTimeLimit:1.0]]
LogConfig: Setting CVar [[s.LevelStreamingComponentsUnregistrationGranularity:5]]
LogConfig: Setting CVar [[s.FlushStreamingOnExit:1]]
LogInit: Object subsystem initialized
LogConfig: Setting CVar [[con.DebugEarlyDefault:1]]
LogConfig: Setting CVar [[r.setres:1280x720]]
[2020.07.08-01.52.42:624][  0]LogConfig: Setting CVar [[r.VSync:0]]
[2020.07.08-01.52.42:624][  0]LogConfig: Setting CVar [[r.RHICmdBypass:0]]
[2020.07.08-01.52.42:624][  0]LogConfig: Applying CVar settings from Section [/Script/Engine.RendererSettings] File [Z:/Untrustable/untrustable/Saved/Config/Windows/Engine.ini]
[2020.07.08-01.52.42:624][  0]LogConfig: Setting CVar [[r.GPUCrashDebugging:0]]
[2020.07.08-01.52.42:624][  0]LogConfig: Applying CVar settings from Section [/Script/Engine.RendererOverrideSettings] File [Z:/Untrustable/untrustable/Saved/Config/Windows/Engine.ini]
[2020.07.08-01.52.42:624][  0]LogConfig: Applying CVar settings from Section [/Script/Engine.StreamingSettings] File [Z:/Untrustable/untrustable/Saved/Config/Windows/Engine.ini]
[2020.07.08-01.52.42:624][  0]LogConfig: Setting CVar [[s.MinBulkDataSizeForAsyncLoading:131072]]
[2020.07.08-01.52.42:624][  0]LogConfig: Setting CVar [[s.AsyncLoadingThreadEnabled:0]]
[2020.07.08-01.52.42:624][  0]LogConfig: Setting CVar [[s.EventDrivenLoaderEnabled:1]]
[2020.07.08-01.52.42:624][  0]LogConfig: Setting CVar [[s.WarnIfTimeLimitExceeded:0]]
[2020.07.08-01.52.42:624][  0]LogConfig: Setting CVar [[s.TimeLimitExceededMultiplier:1.5]]
[2020.07.08-01.52.42:624][  0]LogConfig: Setting CVar [[s.TimeLimitExceededMinTime:0.005]]
[2020.07.08-01.52.42:624][  0]LogConfig: Setting CVar [[s.UseBackgroundLevelStreaming:1]]
[2020.07.08-01.52.42:624][  0]LogConfig: Setting CVar [[s.PriorityAsyncLoadingExtraTime:15.0]]
[2020.07.08-01.52.42:624][  0]LogConfig: Setting CVar [[s.LevelStreamingActorsUpdateTimeLimit:5.0]]
[2020.07.08-01.52.42:624][  0]LogConfig: Setting CVar [[s.PriorityLevelStreamingActorsUpdateExtraTime:5.0]]
[2020.07.08-01.52.42:624][  0]LogConfig: Setting CVar [[s.LevelStreamingComponentsRegistrationGranularity:10]]
[2020.07.08-01.52.42:624][  0]LogConfig: Setting CVar [[s.UnregisterComponentsTimeLimit:1.0]]
[2020.07.08-01.52.42:624][  0]LogConfig: Setting CVar [[s.LevelStreamingComponentsUnregistrationGranularity:5]]
[2020.07.08-01.52.42:624][  0]LogConfig: Setting CVar [[s.FlushStreamingOnExit:1]]
[2020.07.08-01.52.42:624][  0]LogConfig: Applying CVar settings from Section [/Script/Engine.GarbageCollectionSettings] File [Z:/Untrustable/untrustable/Saved/Config/Windows/Engine.ini]
[2020.07.08-01.52.42:624][  0]LogConfig: Setting CVar [[gc.MaxObjectsNotConsideredByGC:1]]
[2020.07.08-01.52.42:624][  0]LogConfig: Setting CVar [[gc.SizeOfPermanentObjectPool:0]]
[2020.07.08-01.52.42:624][  0]LogConfig: Setting CVar [[gc.FlushStreamingOnGC:0]]
[2020.07.08-01.52.42:624][  0]LogConfig: Setting CVar [[gc.NumRetriesBeforeForcingGC:10]]
[2020.07.08-01.52.42:624][  0]LogConfig: Setting CVar [[gc.AllowParallelGC:1]]
[2020.07.08-01.52.42:624][  0]LogConfig: Setting CVar [[gc.TimeBetweenPurgingPendingKillObjects:61.1]]
[2020.07.08-01.52.42:624][  0]LogConfig: Setting CVar [[gc.MaxObjectsInEditor:25165824]]
[2020.07.08-01.52.42:624][  0]LogConfig: Setting CVar [[gc.IncrementalBeginDestroyEnabled:1]]
[2020.07.08-01.52.42:624][  0]LogConfig: Setting CVar [[gc.CreateGCClusters:1]]
[2020.07.08-01.52.42:624][  0]LogConfig: Setting CVar [[gc.MinGCClusterSize:5]]
[2020.07.08-01.52.42:624][  0]LogConfig: Setting CVar [[gc.ActorClusteringEnabled:0]]
[2020.07.08-01.52.42:624][  0]LogConfig: Setting CVar [[gc.BlueprintClusteringEnabled:0]]
[2020.07.08-01.52.42:624][  0]LogConfig: Setting CVar [[gc.UseDisregardForGCOnDedicatedServers:0]]
[2020.07.08-01.52.42:624][  0]LogConfig: Applying CVar settings from Section [/Script/Engine.NetworkSettings] File [Z:/Untrustable/untrustable/Saved/Config/Windows/Engine.ini]
[2020.07.08-01.52.42:624][  0]LogConfig: Applying CVar settings from Section [/Script/UnrealEd.CookerSettings] File [Z:/Untrustable/untrustable/Saved/Config/Windows/Engine.ini]
[2020.07.08-01.52.42:630][  0]LogConfig: Applying CVar settings from Section [ViewDistanceQuality@3] File [Z:/Untrustable/untrustable/Saved/Config/Windows/Scalability.ini]
[2020.07.08-01.52.42:630][  0]LogConfig: Setting CVar [[r.SkeletalMeshLODBias:0]]
[2020.07.08-01.52.42:630][  0]LogConfig: Setting CVar [[r.ViewDistanceScale:1.0]]
[2020.07.08-01.52.42:630][  0]LogConfig: Applying CVar settings from Section [AntiAliasingQuality@3] File [Z:/Untrustable/untrustable/Saved/Config/Windows/Scalability.ini]
[2020.07.08-01.52.42:630][  0]LogConfig: Setting CVar [[r.PostProcessAAQuality:4]]
[2020.07.08-01.52.42:630][  0]LogConfig: Applying CVar settings from Section [ShadowQuality@3] File [Z:/Untrustable/untrustable/Saved/Config/Windows/Scalability.ini]
[2020.07.08-01.52.42:630][  0]LogConfig: Setting CVar [[r.LightFunctionQuality:1]]
[2020.07.08-01.52.42:630][  0]LogConfig: Setting CVar [[r.ShadowQuality:5]]
[2020.07.08-01.52.42:630][  0]LogConfig: Setting CVar [[r.Shadow.CSM.MaxCascades:10]]
[2020.07.08-01.52.42:630][  0]LogConfig: Setting CVar [[r.Shadow.MaxResolution:2048]]
[2020.07.08-01.52.42:630][  0]LogConfig: Setting CVar [[r.Shadow.MaxCSMResolution:2048]]
[2020.07.08-01.52.42:630][  0]LogConfig: Setting CVar [[r.Shadow.RadiusThreshold:0.01]]
[2020.07.08-01.52.42:631][  0]LogConfig: Setting CVar [[r.Shadow.DistanceScale:1.0]]
[2020.07.08-01.52.42:631][  0]LogConfig: Setting CVar [[r.Shadow.CSM.TransitionScale:1.0]]
[2020.07.08-01.52.42:631][  0]LogConfig: Setting CVar [[r.Shadow.PreShadowResolutionFactor:1.0]]
[2020.07.08-01.52.42:631][  0]LogConfig: Setting CVar [[r.DistanceFieldShadowing:1]]
[2020.07.08-01.52.42:631][  0]LogConfig: Setting CVar [[r.DistanceFieldAO:1]]
[2020.07.08-01.52.42:631][  0]LogConfig: Setting CVar [[r.AOQuality:2]]
[2020.07.08-01.52.42:631][  0]LogConfig: Setting CVar [[r.VolumetricFog:1]]
[2020.07.08-01.52.42:631][  0]LogConfig: Setting CVar [[r.VolumetricFog.GridPixelSize:8]]
[2020.07.08-01.52.42:631][  0]LogConfig: Setting CVar [[r.VolumetricFog.GridSizeZ:128]]
[2020.07.08-01.52.42:631][  0]LogConfig: Setting CVar [[r.VolumetricFog.HistoryMissSupersampleCount:4]]
[2020.07.08-01.52.42:631][  0]LogConfig: Setting CVar [[r.LightMaxDrawDistanceScale:1]]
[2020.07.08-01.52.42:631][  0]LogConfig: Setting CVar [[r.CapsuleShadows:1]]
[2020.07.08-01.52.42:631][  0]LogConfig: Applying CVar settings from Section [PostProcessQuality@3] File [Z:/Untrustable/untrustable/Saved/Config/Windows/Scalability.ini]
[2020.07.08-01.52.42:631][  0]LogConfig: Setting CVar [[r.MotionBlurQuality:4]]
[2020.07.08-01.52.42:631][  0]LogConfig: Setting CVar [[r.AmbientOcclusionMipLevelFactor:0.4]]
[2020.07.08-01.52.42:631][  0]LogConfig: Setting CVar [[r.AmbientOcclusionMaxQuality:100]]
[2020.07.08-01.52.42:631][  0]LogConfig: Setting CVar [[r.AmbientOcclusionLevels:-1]]
[2020.07.08-01.52.42:631][  0]LogConfig: Setting CVar [[r.AmbientOcclusionRadiusScale:1.0]]
[2020.07.08-01.52.42:631][  0]LogConfig: Setting CVar [[r.DepthOfFieldQuality:2]]
[2020.07.08-01.52.42:631][  0]LogConfig: Setting CVar [[r.RenderTargetPoolMin:400]]
[2020.07.08-01.52.42:631][  0]LogConfig: Setting CVar [[r.LensFlareQuality:2]]
[2020.07.08-01.52.42:631][  0]LogConfig: Setting CVar [[r.SceneColorFringeQuality:1]]
[2020.07.08-01.52.42:631][  0]LogConfig: Setting CVar [[r.EyeAdaptationQuality:2]]
[2020.07.08-01.52.42:631][  0]LogConfig: Setting CVar [[r.BloomQuality:5]]
[2020.07.08-01.52.42:631][  0]LogConfig: Setting CVar [[r.FastBlurThreshold:100]]
[2020.07.08-01.52.42:631][  0]LogConfig: Setting CVar [[r.Upscale.Quality:3]]
[2020.07.08-01.52.42:631][  0]LogConfig: Setting CVar [[r.Tonemapper.GrainQuantization:1]]
[2020.07.08-01.52.42:631][  0]LogConfig: Setting CVar [[r.LightShaftQuality:1]]
[2020.07.08-01.52.42:631][  0]LogConfig: Setting CVar [[r.Filter.SizeScale:1]]
[2020.07.08-01.52.42:631][  0]LogConfig: Setting CVar [[r.Tonemapper.Quality:5]]
[2020.07.08-01.52.42:631][  0]LogConfig: Setting CVar [[r.DOF.Gather.AccumulatorQuality:1        ; higher gathering accumulator quality]]
[2020.07.08-01.52.42:631][  0]LogConfig: Setting CVar [[r.DOF.Gather.PostfilterMethod:1          ; Median3x3 postfilering method]]
[2020.07.08-01.52.42:631][  0]LogConfig: Setting CVar [[r.DOF.Gather.EnableBokehSettings:0       ; no bokeh simulation when gathering]]
[2020.07.08-01.52.42:631][  0]LogConfig: Setting CVar [[r.DOF.Gather.RingCount:4                 ; medium number of samples when gathering]]
[2020.07.08-01.52.42:631][  0]LogConfig: Setting CVar [[r.DOF.Scatter.ForegroundCompositing:1    ; additive foreground scattering]]
[2020.07.08-01.52.42:631][  0]LogConfig: Setting CVar [[r.DOF.Scatter.BackgroundCompositing:2    ; additive background scattering]]
[2020.07.08-01.52.42:631][  0]LogConfig: Setting CVar [[r.DOF.Scatter.EnableBokehSettings:1      ; bokeh simulation when scattering]]
[2020.07.08-01.52.42:631][  0]LogConfig: Setting CVar [[r.DOF.Scatter.MaxSpriteRatio:0.1         ; only a maximum of 10% of scattered bokeh]]
[2020.07.08-01.52.42:631][  0]LogConfig: Setting CVar [[r.DOF.Recombine.Quality:1                ; cheap slight out of focus]]
[2020.07.08-01.52.42:631][  0]LogConfig: Setting CVar [[r.DOF.Recombine.EnableBokehSettings:0    ; no bokeh simulation on slight out of focus]]
[2020.07.08-01.52.42:631][  0]LogConfig: Setting CVar [[r.DOF.TemporalAAQuality:1                ; more stable temporal accumulation]]
[2020.07.08-01.52.42:631][  0]LogConfig: Setting CVar [[r.DOF.Kernel.MaxForegroundRadius:0.025]]
[2020.07.08-01.52.42:631][  0]LogConfig: Setting CVar [[r.DOF.Kernel.MaxBackgroundRadius:0.025]]
[2020.07.08-01.52.42:631][  0]LogConfig: Applying CVar settings from Section [TextureQuality@3] File [Z:/Untrustable/untrustable/Saved/Config/Windows/Scalability.ini]
[2020.07.08-01.52.42:631][  0]LogConfig: Setting CVar [[r.Streaming.MipBias:0]]
[2020.07.08-01.52.42:631][  0]LogConfig: Setting CVar [[r.Streaming.AmortizeCPUToGPUCopy:0]]
[2020.07.08-01.52.42:631][  0]LogConfig: Setting CVar [[r.Streaming.MaxNumTexturesToStreamPerFrame:0]]
[2020.07.08-01.52.42:631][  0]LogConfig: Setting CVar [[r.Streaming.Boost:1]]
[2020.07.08-01.52.42:631][  0]LogConfig: Setting CVar [[r.MaxAnisotropy:8]]
[2020.07.08-01.52.42:632][  0]LogConfig: Setting CVar [[r.VT.MaxAnisotropy:8]]
[2020.07.08-01.52.42:632][  0]LogConfig: Setting CVar [[r.Streaming.LimitPoolSizeToVRAM:0]]
[2020.07.08-01.52.42:632][  0]LogConfig: Setting CVar [[r.Streaming.PoolSize:1000]]
[2020.07.08-01.52.42:632][  0]LogConfig: Setting CVar [[r.Streaming.MaxEffectiveScreenSize:0]]
[2020.07.08-01.52.42:632][  0]LogConfig: Applying CVar settings from Section [EffectsQuality@3] File [Z:/Untrustable/untrustable/Saved/Config/Windows/Scalability.ini]
[2020.07.08-01.52.42:632][  0]LogConfig: Setting CVar [[r.TranslucencyLightingVolumeDim:64]]
[2020.07.08-01.52.42:632][  0]LogConfig: Setting CVar [[r.RefractionQuality:2]]
[2020.07.08-01.52.42:632][  0]LogConfig: Setting CVar [[r.SSR.Quality:3]]
[2020.07.08-01.52.42:632][  0]LogConfig: Setting CVar [[r.SSR.HalfResSceneColor:0]]
[2020.07.08-01.52.42:632][  0]LogConfig: Setting CVar [[r.SceneColorFormat:4]]
[2020.07.08-01.52.42:632][  0]LogConfig: Setting CVar [[r.DetailMode:2]]
[2020.07.08-01.52.42:632][  0]LogConfig: Setting CVar [[r.TranslucencyVolumeBlur:1]]
[2020.07.08-01.52.42:632][  0]LogConfig: Setting CVar [[r.MaterialQualityLevel:1 ; High quality]]
[2020.07.08-01.52.42:632][  0]LogConfig: Setting CVar [[r.SSS.Scale:1]]
[2020.07.08-01.52.42:632][  0]LogConfig: Setting CVar [[r.SSS.SampleSet:2]]
[2020.07.08-01.52.42:632][  0]LogConfig: Setting CVar [[r.SSS.Quality:1]]
[2020.07.08-01.52.42:632][  0]LogConfig: Setting CVar [[r.SSS.HalfRes:0]]
[2020.07.08-01.52.42:632][  0]LogConfig: Setting CVar [[r.SSGI.Quality:3]]
[2020.07.08-01.52.42:632][  0]LogConfig: Setting CVar [[r.EmitterSpawnRateScale:1.0]]
[2020.07.08-01.52.42:632][  0]LogConfig: Setting CVar [[r.ParticleLightQuality:2]]
[2020.07.08-01.52.42:632][  0]LogConfig: Setting CVar [[r.SkyAtmosphere.AerialPerspectiveLUT.FastApplyOnOpaque:1 ; Always have FastSkyLUT 1 in this case to avoid wrong sky]]
[2020.07.08-01.52.42:632][  0]LogConfig: Setting CVar [[r.SkyAtmosphere.AerialPerspectiveLUT.SampleCountPerSlice:1]]
[2020.07.08-01.52.42:632][  0]LogConfig: Setting CVar [[r.SkyAtmosphere.AerialPerspectiveLUT.DepthResolution:16.0]]
[2020.07.08-01.52.42:632][  0]LogConfig: Setting CVar [[r.SkyAtmosphere.FastSkyLUT:1]]
[2020.07.08-01.52.42:632][  0]LogConfig: Setting CVar [[r.SkyAtmosphere.FastSkyLUT.SampleCountMin:4.0]]
[2020.07.08-01.52.42:632][  0]LogConfig: Setting CVar [[r.SkyAtmosphere.FastSkyLUT.SampleCountMax:32.0]]
[2020.07.08-01.52.42:632][  0]LogConfig: Setting CVar [[r.SkyAtmosphere.SampleCountMin:4.0]]
[2020.07.08-01.52.42:632][  0]LogConfig: Setting CVar [[r.SkyAtmosphere.SampleCountMax:32.0]]
[2020.07.08-01.52.42:632][  0]LogConfig: Setting CVar [[r.SkyAtmosphere.TransmittanceLUT.UseSmallFormat:0]]
[2020.07.08-01.52.42:632][  0]LogConfig: Setting CVar [[r.SkyAtmosphere.TransmittanceLUT.SampleCount:10.0]]
[2020.07.08-01.52.42:632][  0]LogConfig: Setting CVar [[r.SkyAtmosphere.MultiScatteringLUT.SampleCount:15.0]]
[2020.07.08-01.52.42:632][  0]LogConfig: Applying CVar settings from Section [FoliageQuality@3] File [Z:/Untrustable/untrustable/Saved/Config/Windows/Scalability.ini]
[2020.07.08-01.52.42:632][  0]LogConfig: Setting CVar [[foliage.DensityScale:1.0]]
[2020.07.08-01.52.42:632][  0]LogConfig: Setting CVar [[grass.DensityScale:1.0]]
[2020.07.08-01.52.42:632][  0]LogConfig: Applying CVar settings from Section [ShadingQuality@3] File [Z:/Untrustable/untrustable/Saved/Config/Windows/Scalability.ini]
[2020.07.08-01.52.42:632][  0]LogConfig: Setting CVar [[r.HairStrands.SkyLighting.SampleCount:16]]
[2020.07.08-01.52.42:632][  0]LogConfig: Setting CVar [[r.HairStrands.SkyLighting.JitterIntegration:0]]
[2020.07.08-01.52.42:632][  0]LogConfig: Setting CVar [[r.HairStrands.SkyAO.SampleCount:16]]
[2020.07.08-01.52.42:632][  0]LogConfig: Setting CVar [[r.HairStrands.DeepShadow.SuperSampling:0]]
[2020.07.08-01.52.42:632][  0]LogConfig: Setting CVar [[r.HairStrands.VisibilityPPLL:0]]
[2020.07.08-01.52.42:632][  0]LogConfig: Setting CVar [[r.HairStrands.RasterizationScale:0.5]]
[2020.07.08-01.52.42:632][  0]LogConfig: Setting CVar [[r.HairStrands.VelocityRasterizationScale:1]]
[2020.07.08-01.52.42:632][  0]LogInit: Selected Device Profile: [Windows]
[2020.07.08-01.52.42:632][  0]LogInit: Applying CVar settings loaded from the selected device profile: [Windows]
[2020.07.08-01.52.42:632][  0]LogHAL: Display: Platform has ~ 16 GB [17106059264 / 17179869184 / 16], which maps to Larger [LargestMinGB=32, LargerMinGB=12, DefaultMinGB=8, SmallerMinGB=6, SmallestMinGB=0)
[2020.07.08-01.52.42:632][  0]LogInit: Going up to parent DeviceProfile []
[2020.07.08-01.52.42:632][  0]LogConfig: Applying CVar settings from Section [ViewDistanceQuality@Cine] File [Z:/Untrustable/untrustable/Saved/Config/Windows/Scalability.ini]
[2020.07.08-01.52.42:632][  0]LogConfig: Setting CVar [[r.SkeletalMeshLODBias:0]]
[2020.07.08-01.52.42:632][  0]LogConfig: Setting CVar [[r.ViewDistanceScale:10.0]]
[2020.07.08-01.52.42:632][  0]LogConfig: Applying CVar settings from Section [AntiAliasingQuality@Cine] File [Z:/Untrustable/untrustable/Saved/Config/Windows/Scalability.ini]
[2020.07.08-01.52.42:632][  0]LogConfig: Setting CVar [[r.PostProcessAAQuality:6]]
[2020.07.08-01.52.42:632][  0]LogConfig: Applying CVar settings from Section [ShadowQuality@Cine] File [Z:/Untrustable/untrustable/Saved/Config/Windows/Scalability.ini]
[2020.07.08-01.52.42:632][  0]LogConfig: Setting CVar [[r.LightFunctionQuality:1]]
[2020.07.08-01.52.42:632][  0]LogConfig: Setting CVar [[r.ShadowQuality:5]]
[2020.07.08-01.52.42:632][  0]LogConfig: Setting CVar [[r.Shadow.CSM.MaxCascades:10]]
[2020.07.08-01.52.42:632][  0]LogConfig: Setting CVar [[r.Shadow.MaxResolution:4096]]
[2020.07.08-01.52.42:632][  0]LogConfig: Setting CVar [[r.Shadow.MaxCSMResolution:4096]]
[2020.07.08-01.52.42:632][  0]LogConfig: Setting CVar [[r.Shadow.RadiusThreshold:0]]
[2020.07.08-01.52.42:632][  0]LogConfig: Setting CVar [[r.Shadow.DistanceScale:1.0]]
[2020.07.08-01.52.42:632][  0]LogConfig: Setting CVar [[r.Shadow.CSM.TransitionScale:1.0]]
[2020.07.08-01.52.42:632][  0]LogConfig: Setting CVar [[r.Shadow.PreShadowResolutionFactor:1.0]]
[2020.07.08-01.52.42:632][  0]LogConfig: Setting CVar [[r.DistanceFieldShadowing:1]]
[2020.07.08-01.52.42:632][  0]LogConfig: Setting CVar [[r.DistanceFieldAO:1]]
[2020.07.08-01.52.42:632][  0]LogConfig: Setting CVar [[r.AOQuality:2]]
[2020.07.08-01.52.42:632][  0]LogConfig: Setting CVar [[r.VolumetricFog:1]]
[2020.07.08-01.52.42:632][  0]LogConfig: Setting CVar [[r.VolumetricFog.GridPixelSize:4]]
[2020.07.08-01.52.42:633][  0]LogConfig: Setting CVar [[r.VolumetricFog.GridSizeZ:128]]
[2020.07.08-01.52.42:633][  0]LogConfig: Setting CVar [[r.VolumetricFog.HistoryMissSupersampleCount:16]]
[2020.07.08-01.52.42:633][  0]LogConfig: Setting CVar [[r.LightMaxDrawDistanceScale:1]]
[2020.07.08-01.52.42:633][  0]LogConfig: Setting CVar [[r.CapsuleShadows:1]]
[2020.07.08-01.52.42:633][  0]LogConfig: Applying CVar settings from Section [PostProcessQuality@Cine] File [Z:/Untrustable/untrustable/Saved/Config/Windows/Scalability.ini]
[2020.07.08-01.52.42:633][  0]LogConfig: Setting CVar [[r.MotionBlurQuality:4]]
[2020.07.08-01.52.42:633][  0]LogConfig: Setting CVar [[r.AmbientOcclusionMipLevelFactor:0.4]]
[2020.07.08-01.52.42:633][  0]LogConfig: Setting CVar [[r.AmbientOcclusionMaxQuality:100]]
[2020.07.08-01.52.42:633][  0]LogConfig: Setting CVar [[r.AmbientOcclusionLevels:-1]]
[2020.07.08-01.52.42:633][  0]LogConfig: Setting CVar [[r.AmbientOcclusionRadiusScale:1.0]]
[2020.07.08-01.52.42:633][  0]LogConfig: Setting CVar [[r.DepthOfFieldQuality:4]]
[2020.07.08-01.52.42:633][  0]LogConfig: Setting CVar [[r.RenderTargetPoolMin:1000]]
[2020.07.08-01.52.42:633][  0]LogConfig: Setting CVar [[r.LensFlareQuality:3]]
[2020.07.08-01.52.42:633][  0]LogConfig: Setting CVar [[r.SceneColorFringeQuality:1]]
[2020.07.08-01.52.42:633][  0]LogConfig: Setting CVar [[r.EyeAdaptationQuality:2]]
[2020.07.08-01.52.42:633][  0]LogConfig: Setting CVar [[r.BloomQuality:5]]
[2020.07.08-01.52.42:633][  0]LogConfig: Setting CVar [[r.FastBlurThreshold:100]]
[2020.07.08-01.52.42:633][  0]LogConfig: Setting CVar [[r.Upscale.Quality:3]]
[2020.07.08-01.52.42:633][  0]LogConfig: Setting CVar [[r.Tonemapper.GrainQuantization:1]]
[2020.07.08-01.52.42:633][  0]LogConfig: Setting CVar [[r.LightShaftQuality:1]]
[2020.07.08-01.52.42:633][  0]LogConfig: Setting CVar [[r.Filter.SizeScale:1]]
[2020.07.08-01.52.42:633][  0]LogConfig: Setting CVar [[r.Tonemapper.Quality:5]]
[2020.07.08-01.52.42:633][  0]LogConfig: Setting CVar [[r.DOF.Gather.AccumulatorQuality:1        ; higher gathering accumulator quality]]
[2020.07.08-01.52.42:633][  0]LogConfig: Setting CVar [[r.DOF.Gather.PostfilterMethod:1          ; Median3x3 postfilering method]]
[2020.07.08-01.52.42:633][  0]LogConfig: Setting CVar [[r.DOF.Gather.EnableBokehSettings:1       ; bokeh simulation when gathering]]
[2020.07.08-01.52.42:633][  0]LogConfig: Setting CVar [[r.DOF.Gather.RingCount:5                 ; high number of samples when gathering]]
[2020.07.08-01.52.42:633][  0]LogConfig: Setting CVar [[r.DOF.Scatter.ForegroundCompositing:1    ; additive foreground scattering]]
[2020.07.08-01.52.42:633][  0]LogConfig: Setting CVar [[r.DOF.Scatter.BackgroundCompositing:2    ; background scattering occlusion]]
[2020.07.08-01.52.42:633][  0]LogConfig: Setting CVar [[r.DOF.Scatter.EnableBokehSettings:1      ; no bokeh simulation when scattering]]
[2020.07.08-01.52.42:633][  0]LogConfig: Setting CVar [[r.DOF.Scatter.MaxSpriteRatio:0.25        ; only a maximum of 10% of scattered bokeh]]
[2020.07.08-01.52.42:633][  0]LogConfig: Setting CVar [[r.DOF.Recombine.Quality:2                ; highest slight out of focus]]
[2020.07.08-01.52.42:633][  0]LogConfig: Setting CVar [[r.DOF.Recombine.EnableBokehSettings:1    ; bokeh simulation on slight out of focus]]
[2020.07.08-01.52.42:633][  0]LogConfig: Setting CVar [[r.DOF.TemporalAAQuality:1                ; more stable temporal accumulation]]
[2020.07.08-01.52.42:633][  0]LogConfig: Setting CVar [[r.DOF.Kernel.MaxForegroundRadius:0.025]]
[2020.07.08-01.52.42:633][  0]LogConfig: Setting CVar [[r.DOF.Kernel.MaxBackgroundRadius:0.025]]
[2020.07.08-01.52.42:633][  0]LogConfig: Applying CVar settings from Section [TextureQuality@Cine] File [Z:/Untrustable/untrustable/Saved/Config/Windows/Scalability.ini]
[2020.07.08-01.52.42:633][  0]LogConfig: Setting CVar [[r.Streaming.MipBias:0]]
[2020.07.08-01.52.42:633][  0]LogConfig: Setting CVar [[r.Streaming.AmortizeCPUToGPUCopy:0]]
[2020.07.08-01.52.42:633][  0]LogConfig: Setting CVar [[r.Streaming.MaxNumTexturesToStreamPerFrame:0]]
[2020.07.08-01.52.42:633][  0]LogConfig: Setting CVar [[r.Streaming.Boost:1]]
[2020.07.08-01.52.42:633][  0]LogConfig: Setting CVar [[r.MaxAnisotropy:8]]
[2020.07.08-01.52.42:633][  0]LogConfig: Setting CVar [[r.VT.MaxAnisotropy:8]]
[2020.07.08-01.52.42:633][  0]LogConfig: Setting CVar [[r.Streaming.LimitPoolSizeToVRAM:0]]
[2020.07.08-01.52.42:633][  0]LogConfig: Setting CVar [[r.Streaming.PoolSize:3000]]
[2020.07.08-01.52.42:633][  0]LogConfig: Setting CVar [[r.Streaming.MaxEffectiveScreenSize:0]]
[2020.07.08-01.52.42:633][  0]LogConfig: Applying CVar settings from Section [EffectsQuality@Cine] File [Z:/Untrustable/untrustable/Saved/Config/Windows/Scalability.ini]
[2020.07.08-01.52.42:633][  0]LogConfig: Setting CVar [[r.TranslucencyLightingVolumeDim:64]]
[2020.07.08-01.52.42:633][  0]LogConfig: Setting CVar [[r.RefractionQuality:2]]
[2020.07.08-01.52.42:633][  0]LogConfig: Setting CVar [[r.SSR.Quality:4]]
[2020.07.08-01.52.42:633][  0]LogConfig: Setting CVar [[r.SSR.HalfResSceneColor:0]]
[2020.07.08-01.52.42:633][  0]LogConfig: Setting CVar [[r.SceneColorFormat:4]]
[2020.07.08-01.52.42:633][  0]LogConfig: Setting CVar [[r.DetailMode:2]]
[2020.07.08-01.52.42:633][  0]LogConfig: Setting CVar [[r.TranslucencyVolumeBlur:1]]
[2020.07.08-01.52.42:633][  0]LogConfig: Setting CVar [[r.MaterialQualityLevel:1 ; High quality]]
[2020.07.08-01.52.42:633][  0]LogConfig: Setting CVar [[r.SSS.Scale:1]]
[2020.07.08-01.52.42:633][  0]LogConfig: Setting CVar [[r.SSS.SampleSet:2]]
[2020.07.08-01.52.42:633][  0]LogConfig: Setting CVar [[r.SSS.Quality:1]]
[2020.07.08-01.52.42:633][  0]LogConfig: Setting CVar [[r.SSS.HalfRes:0]]
[2020.07.08-01.52.42:633][  0]LogConfig: Setting CVar [[r.SSGI.Quality:4]]
[2020.07.08-01.52.42:633][  0]LogConfig: Setting CVar [[r.EmitterSpawnRateScale:1.0]]
[2020.07.08-01.52.42:633][  0]LogConfig: Setting CVar [[r.ParticleLightQuality:2]]
[2020.07.08-01.52.42:633][  0]LogConfig: Setting CVar [[r.SkyAtmosphere.AerialPerspectiveLUT.FastApplyOnOpaque:0]]
[2020.07.08-01.52.42:633][  0]LogConfig: Setting CVar [[r.SkyAtmosphere.AerialPerspectiveLUT.SampleCountPerSlice:2]]
[2020.07.08-01.52.42:633][  0]LogConfig: Setting CVar [[r.SkyAtmosphere.AerialPerspectiveLUT.DepthResolution:32.0]]
[2020.07.08-01.52.42:633][  0]LogConfig: Setting CVar [[r.SkyAtmosphere.FastSkyLUT:0]]
[2020.07.08-01.52.42:633][  0]LogConfig: Setting CVar [[r.SkyAtmosphere.FastSkyLUT.SampleCountMin:4.0]]
[2020.07.08-01.52.42:633][  0]LogConfig: Setting CVar [[r.SkyAtmosphere.FastSkyLUT.SampleCountMax:32.0]]
[2020.07.08-01.52.42:633][  0]LogConfig: Setting CVar [[r.SkyAtmosphere.SampleCountMin:8.0]]
[2020.07.08-01.52.42:633][  0]LogConfig: Setting CVar [[r.SkyAtmosphere.SampleCountMax:32.0]]
[2020.07.08-01.52.42:633][  0]LogConfig: Setting CVar [[r.SkyAtmosphere.TransmittanceLUT.UseSmallFormat:0]]
[2020.07.08-01.52.42:633][  0]LogConfig: Setting CVar [[r.SkyAtmosphere.TransmittanceLUT.SampleCount:30.0]]
[2020.07.08-01.52.42:633][  0]LogConfig: Setting CVar [[r.SkyAtmosphere.MultiScatteringLUT.SampleCount:20.0]]
[2020.07.08-01.52.42:633][  0]LogConfig: Applying CVar settings from Section [FoliageQuality@Cine] File [Z:/Untrustable/untrustable/Saved/Config/Windows/Scalability.ini]
[2020.07.08-01.52.42:633][  0]LogConfig: Setting CVar [[foliage.DensityScale:1.0]]
[2020.07.08-01.52.42:633][  0]LogConfig: Setting CVar [[grass.DensityScale:1.0]]
[2020.07.08-01.52.42:633][  0]LogConfig: Applying CVar settings from Section [ShadingQuality@3] File [Z:/Untrustable/untrustable/Saved/Config/Windows/Scalability.ini]
[2020.07.08-01.52.42:633][  0]LogConfig: Setting CVar [[r.HairStrands.SkyLighting.SampleCount:16]]
[2020.07.08-01.52.42:633][  0]LogConfig: Setting CVar [[r.HairStrands.SkyLighting.JitterIntegration:0]]
[2020.07.08-01.52.42:633][  0]LogConfig: Setting CVar [[r.HairStrands.SkyAO.SampleCount:16]]
[2020.07.08-01.52.42:633][  0]LogConfig: Setting CVar [[r.HairStrands.DeepShadow.SuperSampling:0]]
[2020.07.08-01.52.42:633][  0]LogConfig: Setting CVar [[r.HairStrands.VisibilityPPLL:0]]
[2020.07.08-01.52.42:633][  0]LogConfig: Setting CVar [[r.HairStrands.RasterizationScale:0.5]]
[2020.07.08-01.52.42:633][  0]LogConfig: Setting CVar [[r.HairStrands.VelocityRasterizationScale:1]]
[2020.07.08-01.52.42:634][  0]LogConfig: Applying CVar settings from Section [Startup] File [../../../Engine/Config/ConsoleVariables.ini]
[2020.07.08-01.52.42:634][  0]LogConfig: Setting CVar [[net.UseAdaptiveNetUpdateFrequency:0]]
[2020.07.08-01.52.42:634][  0]LogConfig: Setting CVar [[p.chaos.AllowCreatePhysxBodies:1]]
[2020.07.08-01.52.42:634][  0]LogConfig: Setting CVar [[fx.SkipVectorVMBackendOptimizations:1]]
[2020.07.08-01.52.42:634][  0]LogConfig: Applying CVar settings from Section [ConsoleVariables] File [Z:/Untrustable/untrustable/Saved/Config/Windows/Engine.ini]
[2020.07.08-01.52.42:634][  0]LogInit: Computer: JOEYCOMPUTER
[2020.07.08-01.52.42:634][  0]LogInit: User: joeym
[2020.07.08-01.52.42:634][  0]LogInit: CPU Page size=4096, Cores=4
[2020.07.08-01.52.42:634][  0]LogInit: High frequency timer resolution =10.000000 MHz
[2020.07.08-01.52.42:634][  0]LogMemory: Memory total: Physical=15.9GB (16GB approx)
[2020.07.08-01.52.42:634][  0]LogMemory: Platform Memory Stats for Windows
[2020.07.08-01.52.42:634][  0]LogMemory: Process Physical Memory: 114.61 MB used, 114.61 MB peak
[2020.07.08-01.52.42:634][  0]LogMemory: Process Virtual Memory: 96.43 MB used, 96.43 MB peak
[2020.07.08-01.52.42:634][  0]LogMemory: Physical Memory: 8140.65 MB used,  8172.96 MB free, 16313.61 MB total
[2020.07.08-01.52.42:634][  0]LogMemory: Virtual Memory: 5144.12 MB used,  134212584.00 MB free, 134217728.00 MB total
[2020.07.08-01.52.42:642][  0]LogWindows: WindowsPlatformFeatures enabled
[2020.07.08-01.52.42:678][  0]LogInit: Physics initialised using underlying interface: PhysX
[2020.07.08-01.52.42:678][  0]LogInit: Using OS detected language (nl-NL).
[2020.07.08-01.52.42:678][  0]LogInit: Using OS detected locale (nl-NL).
[2020.07.08-01.52.42:680][  0]LogTextLocalizationManager: No localization for 'nl-NL' exists, so 'en' will be used for the language.
[2020.07.08-01.52.42:842][  0]LogInit: Setting process to per monitor DPI aware
[2020.07.08-01.52.42:880][  0]LogSlate: New Slate User Created.  User Index 0, Is Virtual User: 0
[2020.07.08-01.52.42:880][  0]LogSlate: Slate User Registered.  User Index 0, Is Virtual User: 0
[2020.07.08-01.52.43:083][  0]LogHMD: Failed to initialize OpenVR with code 110
[2020.07.08-01.52.43:083][  0]LogD3D11RHI: D3D11 min allowed feature level: 11_0
[2020.07.08-01.52.43:083][  0]LogD3D11RHI: D3D11 max allowed feature level: 11_0
[2020.07.08-01.52.43:083][  0]LogD3D11RHI: D3D11 adapters:
[2020.07.08-01.52.43:141][  0]LogD3D11RHI:    0. 'NVIDIA GeForce GTX 1080' (Feature Level 11_0)
[2020.07.08-01.52.43:141][  0]LogD3D11RHI:       8079/0/8156 MB DedicatedVideo/DedicatedSystem/SharedSystem, Outputs:2, VendorId:0x10de
[2020.07.08-01.52.43:144][  0]LogD3D11RHI:    1. 'Microsoft Basic Render Driver' (Feature Level 11_0)
[2020.07.08-01.52.43:144][  0]LogD3D11RHI:       0/0/8156 MB DedicatedVideo/DedicatedSystem/SharedSystem, Outputs:0, VendorId:0x1414
[2020.07.08-01.52.43:144][  0]LogD3D11RHI: Chosen D3D11 Adapter: 0
[2020.07.08-01.52.43:151][  0]LogD3D11RHI: Creating new Direct3DDevice
[2020.07.08-01.52.43:152][  0]LogD3D11RHI:     GPU DeviceId: 0x1b80 (for the marketing name, search the web for "GPU Device Id")
[2020.07.08-01.52.43:152][  0]LogWindows: EnumDisplayDevices:
[2020.07.08-01.52.43:152][  0]LogWindows:    0. 'NVIDIA GeForce GTX 1080' (P:1 D:1)
[2020.07.08-01.52.43:152][  0]LogWindows:    1. 'NVIDIA GeForce GTX 1080' (P:0 D:1)
[2020.07.08-01.52.43:152][  0]LogWindows:    2. 'NVIDIA GeForce GTX 1080' (P:0 D:0)
[2020.07.08-01.52.43:152][  0]LogWindows:    3. 'NVIDIA GeForce GTX 1080' (P:0 D:0)
[2020.07.08-01.52.43:153][  0]LogWindows: DebugString: FoundDriverCount:4 
[2020.07.08-01.52.43:153][  0]LogD3D11RHI:     Adapter Name: NVIDIA GeForce GTX 1080
[2020.07.08-01.52.43:153][  0]LogD3D11RHI:   Driver Version: 446.14 (internal:26.21.14.4614, unified:446.14)
[2020.07.08-01.52.43:153][  0]LogD3D11RHI:      Driver Date: 5-15-2020
[2020.07.08-01.52.43:153][  0]LogRHI: Texture pool is 5655 MB (70% of 8079 MB)
[2020.07.08-01.52.43:190][  0]LogD3D11RHI: RHI has support for 64 bit atomics
[2020.07.08-01.52.43:192][  0]LogD3D11RHI: [Aftermath] Enabled and primed
[2020.07.08-01.52.43:192][  0]LogD3D11RHI: Async texture creation enabled
[2020.07.08-01.52.43:192][  0]LogD3D11RHI: Array index from any shader is supported
[2020.07.08-01.52.43:207][  0]LogD3D11RHI: GPU Timing Frequency: 1000.000000 (Debug: 2 1)
[2020.07.08-01.52.43:492][  0]LogTargetPlatformManager: Display: Loaded TargetPlatform 'AllDesktop'
[2020.07.08-01.52.43:511][  0]LogTargetPlatformManager: Display: Loaded TargetPlatform 'Android'
[2020.07.08-01.52.43:511][  0]LogTargetPlatformManager: Display: Loaded TargetPlatform 'Android_ASTC'
[2020.07.08-01.52.43:512][  0]LogTargetPlatformManager: Display: Loaded TargetPlatform 'Android_DXT'
[2020.07.08-01.52.43:512][  0]LogTargetPlatformManager: Display: Loaded TargetPlatform 'Android_ETC2'
[2020.07.08-01.52.43:512][  0]LogTargetPlatformManager: Display: Loaded TargetPlatform 'AndroidClient'
[2020.07.08-01.52.43:512][  0]LogTargetPlatformManager: Display: Loaded TargetPlatform 'Android_ASTCClient'
[2020.07.08-01.52.43:512][  0]LogTargetPlatformManager: Display: Loaded TargetPlatform 'Android_DXTClient'
[2020.07.08-01.52.43:512][  0]LogTargetPlatformManager: Display: Loaded TargetPlatform 'Android_ETC2Client'
[2020.07.08-01.52.43:512][  0]LogTargetPlatformManager: Display: Loaded TargetPlatform 'Android_Multi'
[2020.07.08-01.52.43:512][  0]LogTargetPlatformManager: Display: Loaded TargetPlatform 'Android_MultiClient'
[2020.07.08-01.52.43:533][  0]LogTargetPlatformManager: Display: Loaded TargetPlatform 'IOSClient'
[2020.07.08-01.52.43:533][  0]LogTargetPlatformManager: Display: Loaded TargetPlatform 'IOS'
[2020.07.08-01.52.43:541][  0]LogTargetPlatformManager: Display: Loaded TargetPlatform 'Linux'
[2020.07.08-01.52.43:548][  0]LogTargetPlatformManager: Display: Loaded TargetPlatform 'LinuxNoEditor'
[2020.07.08-01.52.43:557][  0]LogTargetPlatformManager: Display: Loaded TargetPlatform 'LinuxClient'
[2020.07.08-01.52.43:566][  0]LogTargetPlatformManager: Display: Loaded TargetPlatform 'LinuxServer'
[2020.07.08-01.52.43:577][  0]LogTargetPlatformManager: Display: Loaded TargetPlatform 'LinuxAArch64NoEditor'
[2020.07.08-01.52.43:589][  0]LogTargetPlatformManager: Display: Loaded TargetPlatform 'LinuxAArch64Client'
[2020.07.08-01.52.43:598][  0]LogTargetPlatformManager: Display: Loaded TargetPlatform 'LinuxAArch64Server'
[2020.07.08-01.52.43:618][  0]LogTargetPlatformManager: Display: Loaded TargetPlatform 'Lumin'
[2020.07.08-01.52.43:619][  0]LogTargetPlatformManager: Display: Loaded TargetPlatform 'LuminClient'
[2020.07.08-01.52.43:633][  0]LogTargetPlatformManager: Display: Loaded TargetPlatform 'TVOSClient'
[2020.07.08-01.52.43:633][  0]LogTargetPlatformManager: Display: Loaded TargetPlatform 'TVOS'
[2020.07.08-01.52.43:641][  0]LogTargetPlatformManager: Display: Loaded TargetPlatform 'WindowsNoEditor'
[2020.07.08-01.52.43:649][  0]LogTargetPlatformManager: Display: Loaded TargetPlatform 'Windows'
[2020.07.08-01.52.43:657][  0]LogTargetPlatformManager: Display: Loaded TargetPlatform 'WindowsClient'
[2020.07.08-01.52.43:666][  0]LogTargetPlatformManager: Display: Loaded TargetPlatform 'WindowsServer'
[2020.07.08-01.52.43:666][  0]LogTargetPlatformManager: Display: Building Assets For Windows
[2020.07.08-01.52.43:674][  0]LogAudioDebug: Display: Lib vorbis DLL was dynamically loaded.
[2020.07.08-01.52.43:734][  0]LogShaderCompilers: Guid format shader working directory is 19 characters bigger than the processId version (Z:/Untrustable/untrustable/Intermediate/Shaders/WorkingDirectory/16552/).
[2020.07.08-01.52.43:735][  0]LogShaderCompilers: Cleaned the shader compiler working directory 'C:/Users/joeym/AppData/Local/Temp/UnrealShaderWorkingDir/301EDF53435994DF8B39A79FB58F1D40/'.
[2020.07.08-01.52.43:735][  0]LogXGEController: Cleaning working directory: C:/Users/joeym/AppData/Local/Temp/UnrealXGEWorkingDir/
[2020.07.08-01.52.43:735][  0]LogXGEController: Cannot use XGE Controller as Incredibuild is not installed on this machine.
[2020.07.08-01.52.43:735][  0]LogShaderCompilers: Cannot use XGE Shader Compiler as Incredibuild is not installed on this machine.
[2020.07.08-01.52.43:735][  0]LogShaderCompilers: Display: Using Local Shader Compiler.
[2020.07.08-01.52.44:430][  0]LogDerivedDataCache: Display: Max Cache Size: 512 MB
[2020.07.08-01.52.44:499][  0]LogDerivedDataCache: Loaded boot cache 0.07s 104MB C:/Users/joeym/AppData/Local/UnrealEngine/4.25/DerivedDataCache/Boot.ddc.
[2020.07.08-01.52.44:499][  0]LogDerivedDataCache: Display: Loaded Boot cache: C:/Users/joeym/AppData/Local/UnrealEngine/4.25/DerivedDataCache/Boot.ddc
[2020.07.08-01.52.44:499][  0]LogDerivedDataCache: FDerivedDataBackendGraph:  Pak pak cache file Z:/Untrustable/untrustable/DerivedDataCache/DDC.ddp not found, will not use a pak cache.
[2020.07.08-01.52.44:499][  0]LogDerivedDataCache: Unable to find inner node Pak for hierarchical cache Hierarchy.
[2020.07.08-01.52.44:499][  0]LogDerivedDataCache: FDerivedDataBackendGraph:  CompressedPak pak cache file Z:/Untrustable/untrustable/DerivedDataCache/Compressed.ddp not found, will not use a pak cache.
[2020.07.08-01.52.44:499][  0]LogDerivedDataCache: Unable to find inner node CompressedPak for hierarchical cache Hierarchy.
[2020.07.08-01.52.44:508][  0]LogDerivedDataCache: Display: Pak cache opened for reading ../../../Engine/DerivedDataCache/Compressed.ddp.
[2020.07.08-01.52.44:508][  0]LogDerivedDataCache: FDerivedDataBackendGraph:  EnterprisePak pak cache file ../../../Enterprise/DerivedDataCache/Compressed.ddp not found, will not use a pak cache.
[2020.07.08-01.52.44:508][  0]LogDerivedDataCache: Unable to find inner node EnterprisePak for hierarchical cache Hierarchy.
[2020.07.08-01.52.44:509][  0]LogDerivedDataCache: Using Local data cache path C:/Users/joeym/AppData/Local/UnrealEngine/Common/DerivedDataCache: Writable
[2020.07.08-01.52.44:509][  0]LogDerivedDataCache: Shared data cache path not found in *engine.ini, will not use an Shared cache.
[2020.07.08-01.52.44:509][  0]LogDerivedDataCache: Unable to find inner node Shared for hierarchical cache Hierarchy.
[2020.07.08-01.52.44:564][  0]LogSlate: Using FreeType 2.10.0
[2020.07.08-01.52.44:565][  0]LogSlate: SlateFontServices - WITH_FREETYPE: 1, WITH_HARFBUZZ: 1
[2020.07.08-01.52.44:587][  0]LogAssetRegistry: FAssetRegistry took 0.0023 seconds to start up
[2020.07.08-01.52.44:793][  0]LogInit: Selected Device Profile: [Windows]
[2020.07.08-01.52.44:901][  0]LogMeshReduction: Using QuadricMeshReduction for automatic static mesh reduction
[2020.07.08-01.52.44:901][  0]LogMeshReduction: Using SimplygonMeshReduction for automatic skeletal mesh reduction
[2020.07.08-01.52.44:901][  0]LogMeshReduction: Using ProxyLODMeshReduction for automatic mesh merging
[2020.07.08-01.52.44:901][  0]LogMeshReduction: No distributed automatic mesh merging module available
[2020.07.08-01.52.44:901][  0]LogMeshMerging: No distributed automatic mesh merging module available
[2020.07.08-01.52.44:916][  0]LogNetVersion: Untrustable 1.0.0, NetCL: 13144385, EngineNetVer: 14, GameNetVer: 0 (Checksum: 2953087058)
[2020.07.08-01.52.45:316][  0]LogAISub: UAISubsystem::UAISubsystem AISubsystem (0000021CC5C6C240), frame # 0
[2020.07.08-01.52.45:316][  0]LogAISub: UAISubsystem::UAISubsystem AIPerceptionSystem (0000021CC6BA5440), frame # 0
[2020.07.08-01.52.45:317][  0]LogAISub: UAISubsystem::UAISubsystem EnvQueryManager (0000021CC6C14A00), frame # 0
[2020.07.08-01.52.45:366][  0]LogPackageLocalizationCache: Processed 19 localized package path(s) for 1 prioritized culture(s) in 0.043751 seconds
[2020.07.08-01.52.45:371][  0]LogUObjectArray: 15917 objects as part of root set at end of initial load.
[2020.07.08-01.52.45:371][  0]LogUObjectAllocator: 3965568 out of 0 bytes used by permanent object pool.
[2020.07.08-01.52.45:371][  0]LogUObjectArray: CloseDisregardForGC: 0/0 objects in disregard for GC pool
[2020.07.08-01.52.45:683][  0]LogTcpMessaging: Initializing TcpMessaging bridge
[2020.07.08-01.52.45:687][  0]LogUdpMessaging: Initializing bridge on interface 0.0.0.0:0 to multicast group 230.0.0.1:6666.
[2020.07.08-01.52.45:768][  0]SourceControl: Source control is disabled
[2020.07.08-01.52.45:768][  0]SourceControl: Source control is disabled
[2020.07.08-01.52.45:771][  0]SourceControl: Source control is disabled
[2020.07.08-01.52.45:774][  0]SourceControl: Source control is disabled
[2020.07.08-01.52.45:780][  0]SourceControl: Source control is disabled
[2020.07.08-01.52.46:002][  0]LogAndroidPermission: UAndroidPermissionCallbackProxy::GetInstance
[2020.07.08-01.52.46:020][  0]LogAudioCaptureCore: Display: No Audio Capture implementations found. Audio input will be silent.
[2020.07.08-01.52.46:020][  0]LogAudioCaptureCore: Display: No Audio Capture implementations found. Audio input will be silent.
[2020.07.08-01.52.46:067][  0]LogOcInput: OculusInput pre-init called
[2020.07.08-01.52.46:076][  0]LogWindows: Failed to load 'OVRPlugin.dll' (GetLastError=126)
[2020.07.08-01.52.46:076][  0]LogWindows: File 'OVRPlugin.dll' does not exist
[2020.07.08-01.52.46:131][  0]LogEngine: Initializing Engine...
[2020.07.08-01.52.46:132][  0]LogHMD: Failed to initialize OpenVR with code 110
[2020.07.08-01.52.46:132][  0]LogMagicLeap: Warning: VR disabled because ZI is not enabled.  To enable, in the editor, Edit -> Project Settings -> Plugins -> Magic Leap Plugin -> Enable Zero Iteration
[2020.07.08-01.52.46:133][  0]LogStats: UGameplayTagsManager::InitializeManager -  0.000 s
[2020.07.08-01.52.46:246][  0]LogInit: Initializing FReadOnlyCVARCache
[2020.07.08-01.52.46:253][  0]LogAIModule: Creating AISystem for world Untitled
[2020.07.08-01.52.46:253][  0]LogAISub: UAISubsystem::UAISubsystem EnvQueryManager (0000021CC97D9C00), frame # 0
[2020.07.08-01.52.46:253][  0]LogAISub: UAISubsystem::UAISubsystem AIPerceptionSystem (0000021CC97EE5C0), frame # 0
[2020.07.08-01.52.46:269][  0]LogAudioMixer: Display: Audio Mixer Platform Settings:
[2020.07.08-01.52.46:269][  0]LogAudioMixer: Display: 	Sample Rate:						  48000
[2020.07.08-01.52.46:269][  0]LogAudioMixer: Display: 	Callback Buffer Frame Size Requested: 1024
[2020.07.08-01.52.46:269][  0]LogAudioMixer: Display: 	Callback Buffer Frame Size To Use:	  1024
[2020.07.08-01.52.46:269][  0]LogAudioMixer: Display: 	Number of buffers to queue:			  2
[2020.07.08-01.52.46:269][  0]LogAudioMixer: Display: 	Max Channels (voices):				  32
[2020.07.08-01.52.46:269][  0]LogAudioMixer: Display: 	Number of Async Source Workers:		  0
[2020.07.08-01.52.46:269][  0]LogAudio: Display: AudioDevice MaxSources: 32
[2020.07.08-01.52.46:269][  0]LogAudio: Display: Using built-in audio occlusion.
[2020.07.08-01.52.46:269][  0]LogAudioMixer: Display: Initializing audio mixer.
[2020.07.08-01.52.46:284][  0]LogAudioMixer: Display: 0: FrontLeft
[2020.07.08-01.52.46:284][  0]LogAudioMixer: Display: 1: FrontRight
[2020.07.08-01.52.46:332][  0]LogAudioMixer: Display: Using Audio Device Hoofdtelefoon (3- Arctis 7 Game)
[2020.07.08-01.52.46:337][  0]LogAudioMixer: Display: Initializing Sound Submixes...
[2020.07.08-01.52.46:340][  0]LogAudioMixer: Display: Creating Master Submix 'MasterSubmixDefault'
[2020.07.08-01.52.46:340][  0]LogAudioMixer: Display: Creating Master Submix 'MasterReverbSubmixDefault'
[2020.07.08-01.52.46:341][  0]LogAudioMixer: Display: Creating Master Submix 'MasterEQSubmixDefault'
[2020.07.08-01.52.46:342][  0]LogInit: FAudioDevice initialized.
[2020.07.08-01.52.46:342][  0]LogNetVersion: Set ProjectVersion to 1.0.0.0. Version Checksum will be recalculated on next use.
[2020.07.08-01.52.46:398][  0]LogDerivedDataCache: Saved boot cache 0.06s 104MB C:/Users/joeym/AppData/Local/UnrealEngine/4.25/DerivedDataCache/Boot.ddc.
[2020.07.08-01.52.46:402][  0]LogInit: Texture streaming: Enabled
[2020.07.08-01.52.46:416][  0]LogEngineSessionManager: EngineSessionManager initialized
[2020.07.08-01.52.46:416][  0]LogEngineSessionManager: EngineSessionManager sent abnormal shutdown report. Type=Crashed, SessionId={158BA7A2-48C8-9E69-126A-F6866C04A5DE}
[2020.07.08-01.52.46:416][  0]LogEditorSessionSummary: Verbose: Initializing EditorSessionSummaryWriter for editor session tracking
[2020.07.08-01.52.46:417][  0]LogEditorSessionSummary: EditorSessionSummaryWriter initialized
[2020.07.08-01.52.46:468][  0]LogInit: Transaction tracking system initialized
[2020.07.08-01.52.46:487][  0]BlueprintLog: New page: Editor Load
[2020.07.08-01.52.46:552][  0]LocalizationService: Localization service is disabled
[2020.07.08-01.52.46:702][  0]LogCook: Display: Max memory allowance for cook 16384mb min free memory 0mb
[2020.07.08-01.52.46:702][  0]LogCook: Display: Mobile HDR setting 1
[2020.07.08-01.52.46:825][  0]LogFileCache: Scanning file cache for directory 'Z:/Untrustable/untrustable/Content/' took 0.00s
[2020.07.08-01.52.47:031][  0]SourceControl: Source control is disabled
[2020.07.08-01.52.47:032][  0]LogUnrealEdMisc: Loading editor; pre map load, took 6.185
[2020.07.08-01.52.47:032][  0]Cmd: MAP LOAD FILE="Z:/Untrustable/untrustable/Content/level.umap" TEMPLATE=0 SHOWPROGRESS=1 FEATURELEVEL=3
[2020.07.08-01.52.47:032][  0]LightingResults: New page: Lighting Build
[2020.07.08-01.52.47:032][  0]LogWorld: UWorld::CleanupWorld for Untitled, bSessionEnded=true, bCleanupResources=true
[2020.07.08-01.52.47:032][  0]LogSlate: InvalidateAllWidgets triggered.  All widgets were invalidated
[2020.07.08-01.52.47:032][  0]MapCheck: New page: Map Check
[2020.07.08-01.52.47:033][  0]LightingResults: New page: Lighting Build
[2020.07.08-01.52.47:039][  0]LogAISub: UAISubsystem::~UAISubsystem EnvQueryManager (0000021CC97D9C00), frame # 0
[2020.07.08-01.52.47:040][  0]LogAISub: UAISubsystem::~UAISubsystem AIPerceptionSystem (0000021CC97EE5C0), frame # 0
[2020.07.08-01.52.47:040][  0]LogUObjectHash: Compacting FUObjectHashTables data took   0.52ms
[2020.07.08-01.52.47:160][  0]LogAIModule: Creating AISystem for world level
[2020.07.08-01.52.47:161][  0]LogAISub: UAISubsystem::UAISubsystem EnvQueryManager (0000021CB6518600), frame # 0
[2020.07.08-01.52.47:161][  0]LogAISub: UAISubsystem::UAISubsystem AIPerceptionSystem (0000021CB6767600), frame # 0
[2020.07.08-01.52.47:166][  0]LogEditorServer: Finished looking for orphan Actors (0.000 secs)
[2020.07.08-01.52.47:175][  0]LogUObjectHash: Compacting FUObjectHashTables data took   0.90ms
[2020.07.08-01.52.47:175][  0]Cmd: MAP CHECKDEP NOCLEARLOG
[2020.07.08-01.52.47:176][  0]MapCheck: Map check complete: 0 Error(s), 0 Warning(s), took 0,094ms to complete.
[2020.07.08-01.52.47:176][  0]LogFileHelpers: Loading map 'level' took 0.145
[2020.07.08-01.52.47:177][  0]LogUnrealEdMisc: Total Editor Startup Time, took 6.331
[2020.07.08-01.52.47:287][  0]LogSlate: Updating window title bar state: overlay mode, drag disabled, window buttons hidden, title bar hidden
[2020.07.08-01.52.47:294][  0]LogSlate: Updating window title bar state: overlay mode, drag disabled, window buttons hidden, title bar hidden
[2020.07.08-01.52.47:301][  0]LogSlate: Updating window title bar state: overlay mode, drag disabled, window buttons hidden, title bar hidden
[2020.07.08-01.52.47:307][  0]LogSlate: Updating window title bar state: overlay mode, drag disabled, window buttons hidden, title bar hidden
[2020.07.08-01.52.47:312][  0]LogCollectionManager: Loaded 0 collections in 0.000672 seconds
[2020.07.08-01.52.47:323][  0]LogFileCache: Scanning file cache for directory 'Z:/Untrustable/untrustable/Saved/Collections/' took 0.00s
[2020.07.08-01.52.47:323][  0]LogFileCache: Scanning file cache for directory 'Z:/Untrustable/untrustable/Content/Developers/joeym/Collections/' took 0.00s
[2020.07.08-01.52.47:323][  0]LogFileCache: Scanning file cache for directory 'Z:/Untrustable/untrustable/Content/Collections/' took 0.00s
[2020.07.08-01.52.47:323][  0]LogContentBrowser: Native class hierarchy populated in 0.0080 seconds. Added 3426 classes and 820 folders.
[2020.07.08-01.52.47:325][  0]LogContentBrowser: Native class hierarchy updated for 'WidgetCarousel' in 0.0002 seconds. Added 0 classes and 0 folders.
[2020.07.08-01.52.47:385][  0]LogContentBrowser: Native class hierarchy updated for 'AddContentDialog' in 0.0002 seconds. Added 0 classes and 0 folders.
[2020.07.08-01.52.47:386][  0]LogContentBrowser: Native class hierarchy updated for 'SceneOutliner' in 0.0002 seconds. Added 2 classes and 0 folders.
[2020.07.08-01.52.47:412][  0]LogSlate: Took 0.000251 seconds to synchronously load lazily loaded font '../../../Engine/Content/Slate/Fonts/Roboto-Regular.ttf' (155K)
[2020.07.08-01.52.47:413][  0]LogSlate: Took 0.000168 seconds to synchronously load lazily loaded font '../../../Engine/Content/Slate/Fonts/Roboto-Bold.ttf' (160K)
[2020.07.08-01.52.47:416][  0]LogSlate: Took 0.000162 seconds to synchronously load lazily loaded font '../../../Engine/Content/Editor/Slate/Fonts/FontAwesome.ttf' (139K)
[2020.07.08-01.52.47:478][  0]LogRenderer: Reallocating scene render targets to support 1208x572 Format 10 NumSamples 1 (Frame:1).
[2020.07.08-01.52.47:527][  0]LogSlate: Took 0.000204 seconds to synchronously load lazily loaded font '../../../Engine/Content/Slate/Fonts/Roboto-Light.ttf' (167K)
[2020.07.08-01.52.47:577][  0]LogContentBrowser: Native class hierarchy updated for 'HierarchicalLODOutliner' in 0.0003 seconds. Added 0 classes and 0 folders.
[2020.07.08-01.52.47:577][  0]LogLoad: (Engine Initialization) Total time: 6.73 seconds
[2020.07.08-01.52.47:577][  0]LogLoad: (Engine Initialization) Total Blueprint compile time: 0.00 seconds
[2020.07.08-01.52.47:611][  0]LogAssetRegistry: Asset discovery search completed in 3.0238 seconds
[2020.07.08-01.52.47:613][  0]LogCollectionManager: Fixed up redirectors for 0 collections in 0.000002 seconds (updated 0 objects)
[2020.07.08-01.52.47:615][  0]LogContentStreaming: Texture pool size now 3000 MB
[2020.07.08-01.52.48:607][113]LogSlate: Took 0.000244 seconds to synchronously load lazily loaded font '../../../Engine/Content/Slate/Fonts/Roboto-Light.ttf' (167K)
[2020.07.08-01.52.53:178][600]LogAssetEditorSubsystem: Opening Asset editor for Blueprint /Game/actorReleted/bp_masterItem/bp_masterItem.bp_masterItem
[2020.07.08-01.52.53:344][600]LogContentBrowser: Native class hierarchy updated for 'BlueprintGraph' in 0.0004 seconds. Added 125 classes and 0 folders.
[2020.07.08-01.52.54:110][600]LogSlate: Took 0.000264 seconds to synchronously load lazily loaded font '../../../Engine/Content/Slate/Fonts/Roboto-BoldCondensed.ttf' (158K)
[2020.07.08-01.52.54:140][601]LogSlate: Took 0.000236 seconds to synchronously load lazily loaded font '../../../Engine/Content/Slate/Fonts/Roboto-Italic.ttf' (157K)
[2020.07.08-01.52.54:803][671]LogAssetEditorSubsystem: Opening Asset editor for Blueprint /Game/actorReleted/bp_masterItem/bp_spawnerManager.bp_spawnerManager
[2020.07.08-01.53.00:902][207]BlueprintLog: New page: Compile bp_spawnerManager
[2020.07.08-01.53.00:942][207]LogUObjectHash: Compacting FUObjectHashTables data took   1.90ms
[2020.07.08-01.53.00:991][207]LogSlate: Took 0.000188 seconds to synchronously load lazily loaded font '../../../Engine/Content/Slate/Fonts/DroidSansMono.ttf' (77K)
[2020.07.08-01.54.24:506][914]BlueprintLog: New page: Compile bp_spawnerManager
[2020.07.08-01.54.24:546][914]LogUObjectHash: Compacting FUObjectHashTables data took   1.72ms
[2020.07.08-01.54.31:442][640]Cmd: OBJ SAVEPACKAGE PACKAGE="/Game/actorReleted/bp_masterItem/bp_spawnerManager" FILE="Z:/Untrustable/untrustable/Content/actorReleted/bp_masterItem/bp_spawnerManager.uasset" SILENT=true
[2020.07.08-01.54.31:475][640]LogSavePackage: Moving 'Z:/Untrustable/untrustable/Saved/bp_spawnerManager34505BDD44B1353C35DEB496B366C5AC.tmp' to 'Z:/Untrustable/untrustable/Content/actorReleted/bp_masterItem/bp_spawnerManager.uasset'
[2020.07.08-01.54.31:492][640]AssetCheck: New page: Asset Save: bp_spawnerManager
[2020.07.08-01.54.31:492][640]LogContentValidation: Display: Validating Blueprint /Game/actorReleted/bp_masterItem/bp_spawnerManager.bp_spawnerManager
[2020.07.08-01.54.37:915][279]BlueprintLog: New page: Compile bp_spawnerManager
[2020.07.08-01.54.37:956][279]LogUObjectHash: Compacting FUObjectHashTables data took   1.93ms
[2020.07.08-01.54.38:279][308]Cmd: OBJ SAVEPACKAGE PACKAGE="/Game/actorReleted/bp_masterItem/bp_spawnerManager" FILE="Z:/Untrustable/untrustable/Content/actorReleted/bp_masterItem/bp_spawnerManager.uasset" SILENT=true
[2020.07.08-01.54.38:311][308]LogSavePackage: Moving 'Z:/Untrustable/untrustable/Saved/bp_spawnerManagerA92EAA684A08102F609E3EAB51081D30.tmp' to 'Z:/Untrustable/untrustable/Content/actorReleted/bp_masterItem/bp_spawnerManager.uasset'
[2020.07.08-01.54.38:328][308]AssetCheck: New page: Asset Save: bp_spawnerManager
[2020.07.08-01.54.38:328][308]LogContentValidation: Display: Validating Blueprint /Game/actorReleted/bp_masterItem/bp_spawnerManager.bp_spawnerManager
[2020.07.08-01.54.48:246][348]Cmd: OBJ SAVEPACKAGE PACKAGE="/Game/actorReleted/bp_masterItem/bp_spawnerManager" FILE="Z:/Untrustable/untrustable/Content/actorReleted/bp_masterItem/bp_spawnerManager.uasset" SILENT=true
[2020.07.08-01.54.48:278][348]LogSavePackage: Moving 'Z:/Untrustable/untrustable/Saved/bp_spawnerManager5D78395A4FD6CD135E7516B35059E461.tmp' to 'Z:/Untrustable/untrustable/Content/actorReleted/bp_masterItem/bp_spawnerManager.uasset'
[2020.07.08-01.54.48:297][348]AssetCheck: New page: Asset Save: bp_spawnerManager
[2020.07.08-01.54.48:297][348]LogContentValidation: Display: Validating Blueprint /Game/actorReleted/bp_masterItem/bp_spawnerManager.bp_spawnerManager
[2020.07.08-01.54.48:934][407]LogTemp: Repeating last play command: New Editor Window (PIE)
[2020.07.08-01.54.48:947][407]LogPlayLevel: PlayLevel: No blueprints needed recompiling
[2020.07.08-01.54.48:947][407]PIE: New page: PIE session: level (8 jul. 2020 05:54:48)
[2020.07.08-01.54.48:948][407]LogOnline: OSS: Creating online subsystem instance for: NULL
[2020.07.08-01.54.48:950][407]LogOnline: OSS: TryLoadSubsystemAndSetDefault: Loaded subsystem for module [NULL]
[2020.07.08-01.54.48:950][407]LogPlayLevel: Creating play world package: /Game/UEDPIE_0_level
[2020.07.08-01.54.48:953][407]LogPlayLevel: PIE: StaticDuplicateObject took: (0.003072s)
[2020.07.08-01.54.48:954][407]LogAIModule: Creating AISystem for world level
[2020.07.08-01.54.48:954][407]LogAISub: UAISubsystem::UAISubsystem EnvQueryManager (0000021D2C9DEC00), frame # 12407
[2020.07.08-01.54.48:954][407]LogAISub: UAISubsystem::UAISubsystem AIPerceptionSystem (0000021D30542340), frame # 12407
[2020.07.08-01.54.48:954][407]LogPlayLevel: PIE: World Init took: (0.001097s)
[2020.07.08-01.54.48:954][407]LogPlayLevel: PIE: Created PIE world by copying editor world from /Game/level.level to /Game/UEDPIE_0_level.level (0.004308s)
[2020.07.08-01.54.48:973][407]LogUObjectHash: Compacting FUObjectHashTables data took   1.63ms
[2020.07.08-01.54.48:975][407]LogAudioMixer: Display: Audio Mixer Platform Settings:
[2020.07.08-01.54.48:975][407]LogAudioMixer: Display: 	Sample Rate:						  48000
[2020.07.08-01.54.48:975][407]LogAudioMixer: Display: 	Callback Buffer Frame Size Requested: 1024
[2020.07.08-01.54.48:975][407]LogAudioMixer: Display: 	Callback Buffer Frame Size To Use:	  1024
[2020.07.08-01.54.48:975][407]LogAudioMixer: Display: 	Number of buffers to queue:			  2
[2020.07.08-01.54.48:975][407]LogAudioMixer: Display: 	Max Channels (voices):				  32
[2020.07.08-01.54.48:975][407]LogAudioMixer: Display: 	Number of Async Source Workers:		  0
[2020.07.08-01.54.48:975][407]LogAudio: Display: AudioDevice MaxSources: 32
[2020.07.08-01.54.48:975][407]LogAudio: Display: Using built-in audio occlusion.
[2020.07.08-01.54.48:975][407]LogAudioMixer: Display: Initializing audio mixer.
[2020.07.08-01.54.48:980][407]LogAudioMixer: Display: 0: FrontLeft
[2020.07.08-01.54.48:980][407]LogAudioMixer: Display: 1: FrontRight
[2020.07.08-01.54.49:020][407]LogAudioMixer: Display: Using Audio Device Hoofdtelefoon (3- Arctis 7 Game)
[2020.07.08-01.54.49:020][407]LogAudioMixer: Display: Initializing Sound Submixes...
[2020.07.08-01.54.49:020][407]LogAudioMixer: Display: Creating Master Submix 'MasterSubmixDefault'
[2020.07.08-01.54.49:020][407]LogAudioMixer: Display: Creating Master Submix 'MasterReverbSubmixDefault'
[2020.07.08-01.54.49:021][407]LogAudioMixer: Display: Creating Master Submix 'MasterEQSubmixDefault'
[2020.07.08-01.54.49:034][407]LogInit: FAudioDevice initialized.
[2020.07.08-01.54.49:062][407]LogSlate: Updating window title bar state: overlay mode, drag disabled, window buttons hidden, title bar hidden
[2020.07.08-01.54.49:062][407]LogLoad: Game class is 'myGamemode_C'
[2020.07.08-01.54.49:065][407]LogWorld: Bringing World /Game/UEDPIE_0_level.level up for play (max tick rate 0) at 2020.07.08-03.54.49
[2020.07.08-01.54.49:066][407]LogWorld: Bringing up level for play took: 0.001906
[2020.07.08-01.54.49:066][407]LogOnline: OSS: Creating online subsystem instance for: :Context_6
[2020.07.08-01.54.49:077][407]LogContentBrowser: Native class hierarchy updated for 'MovieSceneCapture' in 0.0003 seconds. Added 20 classes and 0 folders.
[2020.07.08-01.54.49:081][407]PIE: Server logged in
[2020.07.08-01.54.49:083][407]PIE: Play in editor total start time 0,136 seconds.
[2020.07.08-01.54.49:137][408]LogRenderer: Reallocating scene render targets to support 1280x720 Format 10 NumSamples 1 (Frame:1).
[2020.07.08-01.54.50:940][534]LogBlueprintUserMessages: [bp_spawnerManager_2] Je moet nog -4 carrot spawnen
[2020.07.08-01.54.54:143][813]LogAudioMixer: Display: No commands were queued while flushing the source manager.
[2020.07.08-01.54.54:151][813]LogAudioMixer: Display: Flush succeeded in the source manager command queue (1).
[2020.07.08-01.54.54:179][813]LogAudioMixer: Display: Flush succeeded the source manager command queue (2).
[2020.07.08-01.54.54:180][813]LogSlate: Updating window title bar state: overlay mode, drag disabled, window buttons hidden, title bar hidden
[2020.07.08-01.54.54:180][813]LogWorld: BeginTearingDown for /Game/UEDPIE_0_level
[2020.07.08-01.54.54:180][813]LogSlate: Window 'Untrustable Preview [NetMode: Standalone] (64-bit/Windows) ' being destroyed
[2020.07.08-01.54.54:187][813]LogAudioMixer: Display: No commands were queued while flushing the source manager.
[2020.07.08-01.54.54:187][813]LogWorld: UWorld::CleanupWorld for level, bSessionEnded=true, bCleanupResources=true
[2020.07.08-01.54.54:188][813]LogSlate: InvalidateAllWidgets triggered.  All widgets were invalidated
[2020.07.08-01.54.54:196][813]LogPlayLevel: Display: Shutting down PIE online subsystems
[2020.07.08-01.54.54:201][813]LogSlate: InvalidateAllWidgets triggered.  All widgets were invalidated
[2020.07.08-01.54.54:230][813]LogAudioMixer: Display: No commands were queued while flushing the source manager.
[2020.07.08-01.54.54:247][813]LogAISub: UAISubsystem::~UAISubsystem AIPerceptionSystem (0000021D30542340), frame # 12813
[2020.07.08-01.54.54:247][813]LogAISub: UAISubsystem::~UAISubsystem EnvQueryManager (0000021D2C9DEC00), frame # 12813
[2020.07.08-01.54.54:264][813]LogUObjectHash: Compacting FUObjectHashTables data took   2.82ms
[2020.07.08-01.54.54:297][814]LogPlayLevel: Display: Destroying online subsystem :Context_6
[2020.07.08-01.54.56:213][  2]Cmd: OBJ SAVEPACKAGE PACKAGE="/Game/actorReleted/bp_masterItem/bp_spawnerManager" FILE="Z:/Untrustable/untrustable/Content/actorReleted/bp_masterItem/bp_spawnerManager.uasset" SILENT=true
[2020.07.08-01.54.56:241][  2]LogSavePackage: Moving 'Z:/Untrustable/untrustable/Saved/bp_spawnerManagerFDCF5CA7475A1B5731B4A6A2B8BC8CE3.tmp' to 'Z:/Untrustable/untrustable/Content/actorReleted/bp_masterItem/bp_spawnerManager.uasset'
[2020.07.08-01.54.56:257][  2]AssetCheck: New page: Asset Save: bp_spawnerManager
[2020.07.08-01.54.56:257][  2]LogContentValidation: Display: Validating Blueprint /Game/actorReleted/bp_masterItem/bp_spawnerManager.bp_spawnerManager
[2020.07.08-01.55.19:955][459]BlueprintLog: New page: Compile bp_spawnerManager
[2020.07.08-01.55.20:011][459]LogUObjectHash: Compacting FUObjectHashTables data took   2.74ms
[2020.07.08-01.55.20:737][533]LogTemp: Repeating last play command: New Editor Window (PIE)
[2020.07.08-01.55.20:751][533]LogPlayLevel: PlayLevel: No blueprints needed recompiling
[2020.07.08-01.55.20:751][533]PIE: New page: PIE session: level (8 jul. 2020 05:55:20)
[2020.07.08-01.55.20:751][533]LogPlayLevel: Creating play world package: /Game/UEDPIE_0_level
[2020.07.08-01.55.20:756][533]LogPlayLevel: PIE: StaticDuplicateObject took: (0.004373s)
[2020.07.08-01.55.20:756][533]LogAIModule: Creating AISystem for world level
[2020.07.08-01.55.20:756][533]LogAISub: UAISubsystem::UAISubsystem EnvQueryManager (0000021D2EA4EE00), frame # 15533
[2020.07.08-01.55.20:756][533]LogAISub: UAISubsystem::UAISubsystem AIPerceptionSystem (0000021D2FBFC400), frame # 15533
[2020.07.08-01.55.20:757][533]LogPlayLevel: PIE: World Init took: (0.000948s)
[2020.07.08-01.55.20:757][533]LogPlayLevel: PIE: Created PIE world by copying editor world from /Game/level.level to /Game/UEDPIE_0_level.level (0.005444s)
[2020.07.08-01.55.20:781][533]LogUObjectHash: Compacting FUObjectHashTables data took   2.78ms
[2020.07.08-01.55.20:782][533]LogAudioMixer: Display: Audio Mixer Platform Settings:
[2020.07.08-01.55.20:782][533]LogAudioMixer: Display: 	Sample Rate:						  48000
[2020.07.08-01.55.20:782][533]LogAudioMixer: Display: 	Callback Buffer Frame Size Requested: 1024
[2020.07.08-01.55.20:782][533]LogAudioMixer: Display: 	Callback Buffer Frame Size To Use:	  1024
[2020.07.08-01.55.20:782][533]LogAudioMixer: Display: 	Number of buffers to queue:			  2
[2020.07.08-01.55.20:782][533]LogAudioMixer: Display: 	Max Channels (voices):				  32
[2020.07.08-01.55.20:782][533]LogAudioMixer: Display: 	Number of Async Source Workers:		  0
[2020.07.08-01.55.20:782][533]LogAudio: Display: AudioDevice MaxSources: 32
[2020.07.08-01.55.20:783][533]LogAudio: Display: Using built-in audio occlusion.
[2020.07.08-01.55.20:783][533]LogAudioMixer: Display: Initializing audio mixer.
[2020.07.08-01.55.20:788][533]LogAudioMixer: Display: 0: FrontLeft
[2020.07.08-01.55.20:788][533]LogAudioMixer: Display: 1: FrontRight
[2020.07.08-01.55.20:825][533]LogAudioMixer: Display: Using Audio Device Hoofdtelefoon (3- Arctis 7 Game)
[2020.07.08-01.55.20:825][533]LogAudioMixer: Display: Initializing Sound Submixes...
[2020.07.08-01.55.20:825][533]LogAudioMixer: Display: Creating Master Submix 'MasterSubmixDefault'
[2020.07.08-01.55.20:825][533]LogAudioMixer: Display: Creating Master Submix 'MasterReverbSubmixDefault'
[2020.07.08-01.55.20:826][533]LogAudioMixer: Display: Creating Master Submix 'MasterEQSubmixDefault'
[2020.07.08-01.55.20:839][533]LogInit: FAudioDevice initialized.
[2020.07.08-01.55.20:868][533]LogSlate: Updating window title bar state: overlay mode, drag disabled, window buttons hidden, title bar hidden
[2020.07.08-01.55.20:868][533]LogLoad: Game class is 'myGamemode_C'
[2020.07.08-01.55.20:870][533]LogWorld: Bringing World /Game/UEDPIE_0_level.level up for play (max tick rate 0) at 2020.07.08-03.55.20
[2020.07.08-01.55.20:871][533]LogWorld: Bringing up level for play took: 0.002014
[2020.07.08-01.55.20:871][533]LogOnline: OSS: Creating online subsystem instance for: :Context_7
[2020.07.08-01.55.20:874][533]PIE: Server logged in
[2020.07.08-01.55.20:876][533]PIE: Play in editor total start time 0,126 seconds.
[2020.07.08-01.55.22:736][713]LogBlueprintUserMessages: [bp_spawnerManager_2] Je moet nog -12 carrot spawnen
[2020.07.08-01.55.23:699][810]LogAudioMixer: Display: No commands were queued while flushing the source manager.
[2020.07.08-01.55.23:709][810]LogAudioMixer: Display: Flush succeeded in the source manager command queue (1).
[2020.07.08-01.55.23:740][810]LogAudioMixer: Display: Flush succeeded the source manager command queue (2).
[2020.07.08-01.55.23:740][810]LogSlate: Updating window title bar state: overlay mode, drag disabled, window buttons hidden, title bar hidden
[2020.07.08-01.55.23:740][810]LogWorld: BeginTearingDown for /Game/UEDPIE_0_level
[2020.07.08-01.55.23:741][810]LogSlate: Window 'Untrustable Preview [NetMode: Standalone] (64-bit/Windows) ' being destroyed
[2020.07.08-01.55.23:748][810]LogAudioMixer: Display: No commands were queued while flushing the source manager.
[2020.07.08-01.55.23:748][810]LogWorld: UWorld::CleanupWorld for level, bSessionEnded=true, bCleanupResources=true
[2020.07.08-01.55.23:748][810]LogSlate: InvalidateAllWidgets triggered.  All widgets were invalidated
[2020.07.08-01.55.23:755][810]LogPlayLevel: Display: Shutting down PIE online subsystems
[2020.07.08-01.55.23:761][810]LogSlate: InvalidateAllWidgets triggered.  All widgets were invalidated
[2020.07.08-01.55.23:787][810]LogAudioMixer: Display: No commands were queued while flushing the source manager.
[2020.07.08-01.55.23:803][810]LogAISub: UAISubsystem::~UAISubsystem AIPerceptionSystem (0000021D2FBFC400), frame # 15810
[2020.07.08-01.55.23:803][810]LogAISub: UAISubsystem::~UAISubsystem EnvQueryManager (0000021D2EA4EE00), frame # 15810
[2020.07.08-01.55.23:805][810]LogUObjectHash: Compacting FUObjectHashTables data took   1.74ms
[2020.07.08-01.55.23:837][811]LogPlayLevel: Display: Destroying online subsystem :Context_7
[2020.07.08-01.55.24:799][915]LogEditorTransaction: Undo Create Pin Link
[2020.07.08-01.55.25:202][933]LogEditorTransaction: Undo Create Pin Link
[2020.07.08-01.55.25:528][963]LogEditorTransaction: Undo Create Pin Link
[2020.07.08-01.55.25:911][  4]LogEditorTransaction: Undo Move Node
[2020.07.08-01.55.26:375][ 54]LogEditorTransaction: Undo Add Node
[2020.07.08-01.55.26:783][ 95]LogEditorTransaction: Undo Delete current selection
[2020.07.08-01.55.35:199][928]BlueprintLog: New page: Compile bp_spawnerManager
[2020.07.08-01.55.35:246][928]LogUObjectHash: Compacting FUObjectHashTables data took   2.65ms
[2020.07.08-01.55.35:862][985]LogTemp: Repeating last play command: New Editor Window (PIE)
[2020.07.08-01.55.35:875][985]LogPlayLevel: PlayLevel: No blueprints needed recompiling
[2020.07.08-01.55.35:875][985]PIE: New page: PIE session: level (8 jul. 2020 05:55:35)
[2020.07.08-01.55.35:876][985]LogPlayLevel: Creating play world package: /Game/UEDPIE_0_level
[2020.07.08-01.55.35:878][985]LogPlayLevel: PIE: StaticDuplicateObject took: (0.002426s)
[2020.07.08-01.55.35:879][985]LogAIModule: Creating AISystem for world level
[2020.07.08-01.55.35:879][985]LogAISub: UAISubsystem::UAISubsystem EnvQueryManager (0000021D3385C800), frame # 16985
[2020.07.08-01.55.35:879][985]LogAISub: UAISubsystem::UAISubsystem AIPerceptionSystem (0000021CEB36F100), frame # 16985
[2020.07.08-01.55.35:879][985]LogPlayLevel: PIE: World Init took: (0.001164s)
[2020.07.08-01.55.35:879][985]LogPlayLevel: PIE: Created PIE world by copying editor world from /Game/level.level to /Game/UEDPIE_0_level.level (0.003704s)
[2020.07.08-01.55.35:905][985]LogUObjectHash: Compacting FUObjectHashTables data took   2.39ms
[2020.07.08-01.55.35:906][985]LogAudioMixer: Display: Audio Mixer Platform Settings:
[2020.07.08-01.55.35:906][985]LogAudioMixer: Display: 	Sample Rate:						  48000
[2020.07.08-01.55.35:906][985]LogAudioMixer: Display: 	Callback Buffer Frame Size Requested: 1024
[2020.07.08-01.55.35:906][985]LogAudioMixer: Display: 	Callback Buffer Frame Size To Use:	  1024
[2020.07.08-01.55.35:906][985]LogAudioMixer: Display: 	Number of buffers to queue:			  2
[2020.07.08-01.55.35:906][985]LogAudioMixer: Display: 	Max Channels (voices):				  32
[2020.07.08-01.55.35:906][985]LogAudioMixer: Display: 	Number of Async Source Workers:		  0
[2020.07.08-01.55.35:906][985]LogAudio: Display: AudioDevice MaxSources: 32
[2020.07.08-01.55.35:907][985]LogAudio: Display: Using built-in audio occlusion.
[2020.07.08-01.55.35:907][985]LogAudioMixer: Display: Initializing audio mixer.
[2020.07.08-01.55.35:912][985]LogAudioMixer: Display: 0: FrontLeft
[2020.07.08-01.55.35:912][985]LogAudioMixer: Display: 1: FrontRight
[2020.07.08-01.55.35:949][985]LogAudioMixer: Display: Using Audio Device Hoofdtelefoon (3- Arctis 7 Game)
[2020.07.08-01.55.35:950][985]LogAudioMixer: Display: Initializing Sound Submixes...
[2020.07.08-01.55.35:950][985]LogAudioMixer: Display: Creating Master Submix 'MasterSubmixDefault'
[2020.07.08-01.55.35:950][985]LogAudioMixer: Display: Creating Master Submix 'MasterReverbSubmixDefault'
[2020.07.08-01.55.35:950][985]LogAudioMixer: Display: Creating Master Submix 'MasterEQSubmixDefault'
[2020.07.08-01.55.35:963][985]LogInit: FAudioDevice initialized.
[2020.07.08-01.55.35:991][985]LogSlate: Updating window title bar state: overlay mode, drag disabled, window buttons hidden, title bar hidden
[2020.07.08-01.55.35:991][985]LogLoad: Game class is 'myGamemode_C'
[2020.07.08-01.55.35:993][985]LogWorld: Bringing World /Game/UEDPIE_0_level.level up for play (max tick rate 0) at 2020.07.08-03.55.35
[2020.07.08-01.55.35:993][985]LogWorld: Bringing up level for play took: 0.001664
[2020.07.08-01.55.35:993][985]LogOnline: OSS: Creating online subsystem instance for: :Context_8
[2020.07.08-01.55.35:999][985]PIE: Server logged in
[2020.07.08-01.55.36:000][985]PIE: Play in editor total start time 0,126 seconds.
[2020.07.08-01.55.37:866][156]LogBlueprintUserMessages: [bp_spawnerManager_2] Je moet nog 12 carrot spawnen
[2020.07.08-01.55.38:719][237]LogAudioMixer: Display: No commands were queued while flushing the source manager.
[2020.07.08-01.55.38:739][237]LogAudioMixer: Display: Flush succeeded in the source manager command queue (1).
[2020.07.08-01.55.38:759][237]LogAudioMixer: Display: Flush succeeded the source manager command queue (2).
[2020.07.08-01.55.38:760][237]LogSlate: Updating window title bar state: overlay mode, drag disabled, window buttons hidden, title bar hidden
[2020.07.08-01.55.38:760][237]LogWorld: BeginTearingDown for /Game/UEDPIE_0_level
[2020.07.08-01.55.38:761][237]LogSlate: Window 'Untrustable Preview [NetMode: Standalone] (64-bit/Windows) ' being destroyed
[2020.07.08-01.55.38:769][237]LogAudioMixer: Display: No commands were queued while flushing the source manager.
[2020.07.08-01.55.38:769][237]LogWorld: UWorld::CleanupWorld for level, bSessionEnded=true, bCleanupResources=true
[2020.07.08-01.55.38:770][237]LogSlate: InvalidateAllWidgets triggered.  All widgets were invalidated
[2020.07.08-01.55.38:778][237]LogPlayLevel: Display: Shutting down PIE online subsystems
[2020.07.08-01.55.38:782][237]LogSlate: InvalidateAllWidgets triggered.  All widgets were invalidated
[2020.07.08-01.55.38:806][237]LogAudioMixer: Display: No commands were queued while flushing the source manager.
[2020.07.08-01.55.38:823][237]LogAISub: UAISubsystem::~UAISubsystem AIPerceptionSystem (0000021CEB36F100), frame # 17237
[2020.07.08-01.55.38:823][237]LogAISub: UAISubsystem::~UAISubsystem EnvQueryManager (0000021D3385C800), frame # 17237
[2020.07.08-01.55.38:825][237]LogUObjectHash: Compacting FUObjectHashTables data took   1.78ms
[2020.07.08-01.55.38:862][238]LogPlayLevel: Display: Destroying online subsystem :Context_8
[2020.07.08-01.55.40:668][405]LogD3D11RHI: Error: Result failed 
 at D:/Build/++UE4+Licensee/Sync/Engine/Source/Runtime/Windows/D3D11RHI/Private/D3D11Query.cpp:348 
 with error DXGI_ERROR_DEVICE_REMOVED DXGI_ERROR_DRIVER_INTERNAL_ERROR
[2020.07.08-01.55.40:669][405]LogWindows: Windows GetLastError: De bewerking is voltooid. (0)
[2020.07.08-01.55.42:516][406]LogWindows: FPlatformMisc::RequestExit(0)
[2020.07.08-01.55.42:516][406]LogCore: Engine exit requested (reason: Win RequestExit)
[2020.07.08-01.55.42:516][406]LogWindows: Error: Error reentered: Assertion failed: Result >= 0 [File:D:/Build/++UE4+Licensee/Sync/Engine/Source/Runtime/RHI/Private/PipelineStateCache.cpp] [Line: 1258] 


[2020.07.08-01.55.42:516][406]LogOutputDevice: Warning: 

Script Stack (0 frames):

[2020.07.08-01.55.42:516][406]LogWindows: Windows GetLastError: De bewerking is voltooid. (0)
[2020.07.08-01.55.42:516][406]LogWindows: FPlatformMisc::RequestExit(0)
[2020.07.08-01.55.42:516][406]LogCore: Engine exit requested (reason: Win RequestExit; note: exit was already requested)
[2020.07.08-01.55.42:518][406]LogOutputDevice: Warning: 

Script Stack (0 frames):

[2020.07.08-01.55.42:518][406]LogWindows: Windows GetLastError: De bewerking is voltooid. (0)
[2020.07.08-01.55.42:518][406]LogWindows: FPlatformMisc::RequestExit(0)
[2020.07.08-01.55.42:518][406]LogCore: Engine exit requested (reason: Win RequestExit; note: exit was already requested)
[2020.07.08-01.55.42:520][406]LogOutputDevice: Warning: 

Script Stack (0 frames):

[2020.07.08-01.55.42:520][406]LogWindows: Windows GetLastError: De bewerking is voltooid. (0)
[2020.07.08-01.55.42:520][406]LogWindows: FPlatformMisc::RequestExit(0)
[2020.07.08-01.55.42:520][406]LogCore: Engine exit requested (reason: Win RequestExit; note: exit was already requested)
[2020.07.08-01.55.42:522][406]LogOutputDevice: Warning: 

Script Stack (0 frames):

[2020.07.08-01.55.42:522][406]LogWindows: FPlatformMisc::RequestExit(0)
[2020.07.08-01.55.42:522][406]LogCore: Engine exit requested (reason: Win RequestExit; note: exit was already requested)
[2020.07.08-01.55.42:522][406]LogWindows: Windows GetLastError: De bewerking is voltooid. (0)
[2020.07.08-01.55.42:522][406]LogThreadingWindows: Error: Runnable thread RenderThread 7 crashed.
[2020.07.08-01.55.42:522][406]LogWindows: Error: HandleError re-entered.
[2020.07.08-01.55.42:522][406]LogWindows: FPlatformMisc::RequestExit(1)
[2020.07.08-01.55.42:522][406]LogCore: Engine exit requested (reason: Win RequestExit; note: exit was already requested)
[2020.07.08-01.55.42:567][406]Log file closed, 07/08/20 03:55:42
